Using pre-set license
Built from '2021.1/staging' branch; Version is '2021.1.19f1 (5f5eb8bbdc25) revision 6250168'; Using compiler version '192528614'; Build Type 'Release'
OS: 'Windows 10 Home; OS build 19044.1586; Version 2009; 64bit' Language: 'en' Physical Memory: 32596 MB
BatchMode: 1, IsHumanControllingUs: 0, StartBugReporterOnCrash: 0, Is64bit: 1, IsPro: 0

COMMAND LINE ARGUMENTS:
C:\Program Files\Unity\Hub\Editor\2021.1.19f1\Editor\Unity.exe
-adb2
-batchMode
-noUpm
-name
AssetImportWorker0
-projectPath
C:/Users/Kyle-PC/Documents/Unity/Ludum-Dare-50
-logFile
Logs/AssetImportWorker0.log
-srvPort
63224
Successfully changed project path to: C:/Users/Kyle-PC/Documents/Unity/Ludum-Dare-50
C:/Users/Kyle-PC/Documents/Unity/Ludum-Dare-50
Using Asset Import Pipeline V2.
Refreshing native plugins compatible for Editor in 72.99 ms, found 4 plugins.
Preloading 0 native plugins for Editor in 0.00 ms.
Initialize engine version: 2021.1.19f1 (5f5eb8bbdc25)
[Subsystems] Discovering subsystems at path C:/Program Files/Unity/Hub/Editor/2021.1.19f1/Editor/Data/Resources/UnitySubsystems
[Subsystems] Discovering subsystems at path C:/Users/Kyle-PC/Documents/Unity/Ludum-Dare-50/Assets
GfxDevice: creating device client; threaded=0; jobified=0
Direct3D:
    Version:  Direct3D 11.0 [level 11.1]
    Renderer: NVIDIA GeForce GTX 1060 6GB (ID=0x1c03)
    Vendor:   NVIDIA
    VRAM:     6052 MB
    Driver:   30.0.15.1215
Initialize mono
Mono path[0] = 'C:/Program Files/Unity/Hub/Editor/2021.1.19f1/Editor/Data/Managed'
Mono path[1] = 'C:/Program Files/Unity/Hub/Editor/2021.1.19f1/Editor/Data/MonoBleedingEdge/lib/mono/unityjit'
Mono config path = 'C:/Program Files/Unity/Hub/Editor/2021.1.19f1/Editor/Data/MonoBleedingEdge/etc'
Using monoOptions --debugger-agent=transport=dt_socket,embedding=1,server=y,suspend=n,address=127.0.0.1:56344
Begin MonoManager ReloadAssembly
Registering precompiled unity dll's ...
Register platform support module: C:/Program Files/Unity/Hub/Editor/2021.1.19f1/Editor/Data/PlaybackEngines/WebGLSupport/UnityEditor.WebGL.Extensions.dll
Register platform support module: C:/Program Files/Unity/Hub/Editor/2021.1.19f1/Editor/Data/PlaybackEngines/MacStandaloneSupport/UnityEditor.OSXStandalone.Extensions.dll
Register platform support module: C:/Program Files/Unity/Hub/Editor/2021.1.19f1/Editor/Data/PlaybackEngines/WindowsStandaloneSupport/UnityEditor.WindowsStandalone.Extensions.dll
Registered in 0.001777 seconds.
Native extension for WindowsStandalone target not found
Native extension for OSXStandalone target not found
Native extension for WebGL target not found
Refreshing native plugins compatible for Editor in 83.30 ms, found 4 plugins.
Preloading 0 native plugins for Editor in 0.00 ms.
Mono: successfully reloaded assembly
- Completed reload, in  0.879 seconds
Domain Reload Profiling:
	ReloadAssembly (879ms)
		BeginReloadAssembly (42ms)
			ExecutionOrderSort (0ms)
			DisableScriptedObjects (0ms)
			BackupInstance (0ms)
			ReleaseScriptingObjects (0ms)
			CreateAndSetChildDomain (1ms)
		EndReloadAssembly (338ms)
			LoadAssemblies (40ms)
			RebuildTransferFunctionScriptingTraits (0ms)
			SetupTypeCache (107ms)
			ReleaseScriptCaches (0ms)
			RebuildScriptCaches (22ms)
			SetupLoadedEditorAssemblies (177ms)
				LogAssemblyErrors (0ms)
				InitializePlatformSupportModulesInManaged (7ms)
				SetLoadedEditorAssemblies (0ms)
				RefreshPlugins (83ms)
				BeforeProcessingInitializeOnLoad (1ms)
				ProcessInitializeOnLoadAttributes (68ms)
				ProcessInitializeOnLoadMethodAttributes (19ms)
				AfterProcessingInitializeOnLoad (0ms)
				EditorAssembliesLoaded (0ms)
			ExecutionOrderSort2 (0ms)
			AwakeInstancesAfterBackupRestoration (0ms)
Platform modules already initialized, skipping
Registering precompiled user dll's ...
Registered in 0.003028 seconds.
Begin MonoManager ReloadAssembly
Symbol file LoadedFromMemory doesn't match image C:\Users\Kyle-PC\Documents\Unity\Ludum-Dare-50\Library\PackageCache\com.unity.visualscripting@1.6.1\Editor\VisualScripting.Core\Dependencies\YamlDotNet\Unity.VisualScripting.YamlDotNet.dll
Symbol file LoadedFromMemory doesn't match image C:\Users\Kyle-PC\Documents\Unity\Ludum-Dare-50\Library\PackageCache\com.unity.visualscripting@1.6.1\Editor\VisualScripting.Core\Dependencies\DotNetZip\Unity.VisualScripting.IonicZip.dll
Native extension for WindowsStandalone target not found
Native extension for OSXStandalone target not found
Native extension for WebGL target not found
Refreshing native plugins compatible for Editor in 70.81 ms, found 4 plugins.
Preloading 0 native plugins for Editor in 0.00 ms.
Mono: successfully reloaded assembly
- Completed reload, in  0.848 seconds
Domain Reload Profiling:
	ReloadAssembly (848ms)
		BeginReloadAssembly (98ms)
			ExecutionOrderSort (0ms)
			DisableScriptedObjects (3ms)
			BackupInstance (0ms)
			ReleaseScriptingObjects (0ms)
			CreateAndSetChildDomain (15ms)
		EndReloadAssembly (711ms)
			LoadAssemblies (65ms)
			RebuildTransferFunctionScriptingTraits (0ms)
			SetupTypeCache (241ms)
			ReleaseScriptCaches (0ms)
			RebuildScriptCaches (34ms)
			SetupLoadedEditorAssemblies (310ms)
				LogAssemblyErrors (0ms)
				InitializePlatformSupportModulesInManaged (4ms)
				SetLoadedEditorAssemblies (0ms)
				RefreshPlugins (71ms)
				BeforeProcessingInitializeOnLoad (60ms)
				ProcessInitializeOnLoadAttributes (158ms)
				ProcessInitializeOnLoadMethodAttributes (13ms)
				AfterProcessingInitializeOnLoad (5ms)
				EditorAssembliesLoaded (0ms)
			ExecutionOrderSort2 (0ms)
			AwakeInstancesAfterBackupRestoration (5ms)
Platform modules already initialized, skipping
========================================================================
Worker process is ready to serve import requests
Launched and connected shader compiler UnityShaderCompiler.exe after 0.08 seconds
Refreshing native plugins compatible for Editor in 1.00 ms, found 4 plugins.
Preloading 0 native plugins for Editor in 0.00 ms.
Unloading 3684 Unused Serialized files (Serialized files now loaded: 0)
System memory in use before: 136.5 MB.
System memory in use after: 136.7 MB.

Unloading 30 unused Assets to reduce memory usage. Loaded Objects now: 4135.
Total: 2.213400 ms (FindLiveObjects: 0.178700 ms CreateObjectMapping: 0.085900 ms MarkObjects: 1.890400 ms  DeleteObjects: 0.057600 ms)

AssetImportParameters requested are different than current active one (requested -> active):
  custom:framework-win-MediaFoundation: 216162199b28c13a410421893ffa2e32 -> 
  custom:video-decoder-ogg-theora: a1e56fd34408186e4bbccfd4996cb3dc -> 
  custom:container-muxer-webm: aa71ff27fc2769a1b78a27578f13a17b -> 
  custom:container-demuxer-webm: 4f35f7cbe854078d1ac9338744f61a02 -> 
  custom:container-demuxer-ogg: 62fdf1f143b41e24485cea50d1cbac27 -> 
  custom:video-encoder-webm-vp8: eb34c28f22e8b96e1ab97ce403110664 -> 
  custom:video-decoder-webm-vp8: 9c59270c3fd7afecdb556c50c9e8de78 -> 
  custom:audio-decoder-ogg-vorbis: bf7c407c2cedff20999df2af8eb42d56 -> 
  custom:audio-encoder-webm-vorbis: bf7c407c2cedff20999df2af8eb42d56 -> 
========================================================================
Received Import Request.
  path: Assets/Resources/Items
  artifactKey: Guid(78b276f20fe59a249ac7c3a311a0a473) Importer(815301076,1909f56bfc062723c751e8b465ee728b)
Start importing Assets/Resources/Items using Guid(78b276f20fe59a249ac7c3a311a0a473) Importer(815301076,1909f56bfc062723c751e8b465ee728b)  -> (artifact id: '80002ecb200d0047060b58e2b5d2ab23') in 0.004365 seconds 
========================================================================
Received Import Request.
  Time since last request: 0.000168 seconds.
  path: Assets/Resources
  artifactKey: Guid(a40829e8ba3094e4db6bd369d2ada694) Importer(815301076,1909f56bfc062723c751e8b465ee728b)
Start importing Assets/Resources using Guid(a40829e8ba3094e4db6bd369d2ada694) Importer(815301076,1909f56bfc062723c751e8b465ee728b)  -> (artifact id: '1a0b9c63eff0512ba822a0759052435f') in 0.001522 seconds 
========================================================================
Received Import Request.
  Time since last request: 6.770575 seconds.
  path: Assets/Art
  artifactKey: Guid(647413a50cb9caa45b4ba4453210a84a) Importer(815301076,1909f56bfc062723c751e8b465ee728b)
Start importing Assets/Art using Guid(647413a50cb9caa45b4ba4453210a84a) Importer(815301076,1909f56bfc062723c751e8b465ee728b)  -> (artifact id: '21eb005fa134509041bf6349a291620b') in 0.001904 seconds 
========================================================================
Received Import Request.
  Time since last request: 2507.155868 seconds.
  path: Assets/Art/Snowy_Dirt Tiles.png
  artifactKey: Guid(7a8e2fcaaac3d4f40af6cc8d2d99312b) Importer(815301076,1909f56bfc062723c751e8b465ee728b)
Start importing Assets/Art/Snowy_Dirt Tiles.png using Guid(7a8e2fcaaac3d4f40af6cc8d2d99312b) Importer(815301076,1909f56bfc062723c751e8b465ee728b)  -> (artifact id: '2a70949e134ffca7dfee714b62b43fac') in 0.104689 seconds 
========================================================================
Received Import Request.
  Time since last request: 0.000226 seconds.
  path: Assets/Art/SpriteSheet.png
  artifactKey: Guid(8681ae2bad7a2f044bb0814b5f8cfa55) Importer(815301076,1909f56bfc062723c751e8b465ee728b)
Start importing Assets/Art/SpriteSheet.png using Guid(8681ae2bad7a2f044bb0814b5f8cfa55) Importer(815301076,1909f56bfc062723c751e8b465ee728b)  -> (artifact id: '7e4f5e522c278be9caabbf7d4c9bd10e') in 0.008492 seconds 
========================================================================
Received Import Request.
  Time since last request: 0.000212 seconds.
  path: Assets/Art/Snowy_Dirt Tiles02.png
  artifactKey: Guid(90ce7cbb770266e4a9adcade2df1d752) Importer(815301076,1909f56bfc062723c751e8b465ee728b)
Start importing Assets/Art/Snowy_Dirt Tiles02.png using Guid(90ce7cbb770266e4a9adcade2df1d752) Importer(815301076,1909f56bfc062723c751e8b465ee728b)  -> (artifact id: '0b32f5e39c2e11142e816cf056e16728') in 0.008720 seconds 
========================================================================
Received Import Request.
  Time since last request: 108.350117 seconds.
  path: Assets/Art/Snowy_Dirt Tiles.png
  artifactKey: Guid(7a8e2fcaaac3d4f40af6cc8d2d99312b) Importer(815301076,1909f56bfc062723c751e8b465ee728b)
Start importing Assets/Art/Snowy_Dirt Tiles.png using Guid(7a8e2fcaaac3d4f40af6cc8d2d99312b) Importer(815301076,1909f56bfc062723c751e8b465ee728b)  -> (artifact id: '02f36349676e7503fab9676ceb5697ed') in 0.005533 seconds 
========================================================================
Received Import Request.
  Time since last request: 57.034368 seconds.
  path: Assets/Art/Snowy_Dirt Tiles.png
  artifactKey: Guid(7a8e2fcaaac3d4f40af6cc8d2d99312b) Importer(815301076,1909f56bfc062723c751e8b465ee728b)
Start importing Assets/Art/Snowy_Dirt Tiles.png using Guid(7a8e2fcaaac3d4f40af6cc8d2d99312b) Importer(815301076,1909f56bfc062723c751e8b465ee728b)  -> (artifact id: '694901cf81819f9ec80d95f839aec968') in 0.045336 seconds 
========================================================================
Received Import Request.
  Time since last request: 16.673067 seconds.
  path: Assets/Art/Snowy_Dirt Tiles02.png
  artifactKey: Guid(90ce7cbb770266e4a9adcade2df1d752) Importer(815301076,1909f56bfc062723c751e8b465ee728b)
Start importing Assets/Art/Snowy_Dirt Tiles02.png using Guid(90ce7cbb770266e4a9adcade2df1d752) Importer(815301076,1909f56bfc062723c751e8b465ee728b)  -> (artifact id: '609a0e256d69b0dd6190205ad54aeab0') in 0.006645 seconds 
========================================================================
Received Import Request.
  Time since last request: 31.417685 seconds.
  path: Assets/Art/Snowy_Dirt Tiles02.png
  artifactKey: Guid(90ce7cbb770266e4a9adcade2df1d752) Importer(815301076,1909f56bfc062723c751e8b465ee728b)
Start importing Assets/Art/Snowy_Dirt Tiles02.png using Guid(90ce7cbb770266e4a9adcade2df1d752) Importer(815301076,1909f56bfc062723c751e8b465ee728b)  -> (artifact id: 'b89981d85bd04d9797ac273b00519a4b') in 0.024565 seconds 
========================================================================
Received Import Request.
  Time since last request: 12.733278 seconds.
  path: Assets/Art/SpriteSheet.png
  artifactKey: Guid(8681ae2bad7a2f044bb0814b5f8cfa55) Importer(815301076,1909f56bfc062723c751e8b465ee728b)
Start importing Assets/Art/SpriteSheet.png using Guid(8681ae2bad7a2f044bb0814b5f8cfa55) Importer(815301076,1909f56bfc062723c751e8b465ee728b)  -> (artifact id: 'f134f056b6b0d4a92a7a59b16bd15e01') in 0.006206 seconds 
========================================================================
Received Import Request.
  Time since last request: 13.797897 seconds.
  path: Assets/Art/SpriteSheet.png
  artifactKey: Guid(8681ae2bad7a2f044bb0814b5f8cfa55) Importer(815301076,1909f56bfc062723c751e8b465ee728b)
Start importing Assets/Art/SpriteSheet.png using Guid(8681ae2bad7a2f044bb0814b5f8cfa55) Importer(815301076,1909f56bfc062723c751e8b465ee728b)  -> (artifact id: '6fdcc8f4e5f86bfc0f33986cafa6ec63') in 0.036385 seconds 
========================================================================
Received Import Request.
  Time since last request: 20.849630 seconds.
  path: Assets/Art/Tiles
  artifactKey: Guid(aea657b4808d49140bbfff71ae72d0ef) Importer(815301076,1909f56bfc062723c751e8b465ee728b)
Start importing Assets/Art/Tiles using Guid(aea657b4808d49140bbfff71ae72d0ef) Importer(815301076,1909f56bfc062723c751e8b465ee728b)  -> (artifact id: 'dc77c5b44ff3ec9e97254d4464b7100a') in 0.001783 seconds 
========================================================================
Received Import Request.
  Time since last request: 39.108987 seconds.
  path: Assets/Art/Tiles/Ground.prefab
  artifactKey: Guid(c8da5d8f3db02754c9799c1e834b7e72) Importer(815301076,1909f56bfc062723c751e8b465ee728b)
Start importing Assets/Art/Tiles/Ground.prefab using Guid(c8da5d8f3db02754c9799c1e834b7e72) Importer(815301076,1909f56bfc062723c751e8b465ee728b)  -> (artifact id: '20b37a77628c862f5c33ac2cc4bd5621') in 0.019415 seconds 
========================================================================
Received Import Request.
  Time since last request: 146.290037 seconds.
  path: Assets/Art/Snowy_Dirt Tiles.png
  artifactKey: Guid(7a8e2fcaaac3d4f40af6cc8d2d99312b) Importer(815301076,1909f56bfc062723c751e8b465ee728b)
Start importing Assets/Art/Snowy_Dirt Tiles.png using Guid(7a8e2fcaaac3d4f40af6cc8d2d99312b) Importer(815301076,1909f56bfc062723c751e8b465ee728b)  -> (artifact id: '382825fde1ac4c207548872119d1f447') in 0.034095 seconds 
========================================================================
Received Import Request.
  Time since last request: 8.570344 seconds.
  path: Assets/Art/Snowy_Dirt Tiles.png
  artifactKey: Guid(7a8e2fcaaac3d4f40af6cc8d2d99312b) Importer(815301076,1909f56bfc062723c751e8b465ee728b)
Start importing Assets/Art/Snowy_Dirt Tiles.png using Guid(7a8e2fcaaac3d4f40af6cc8d2d99312b) Importer(815301076,1909f56bfc062723c751e8b465ee728b)  -> (artifact id: 'deeb4d4046d45e2ba50b596fcebe38f0') in 0.037892 seconds 
========================================================================
Received Import Request.
  Time since last request: 970.451435 seconds.
  path: Assets/Art/Nested_Trees.png
  artifactKey: Guid(db5caeaad2db6004496f96c476df6e6a) Importer(815301076,1909f56bfc062723c751e8b465ee728b)
Start importing Assets/Art/Nested_Trees.png using Guid(db5caeaad2db6004496f96c476df6e6a) Importer(815301076,1909f56bfc062723c751e8b465ee728b)  -> (artifact id: 'ecef84b1120c180197f6389eb5188132') in 0.010015 seconds 
========================================================================
Received Import Request.
  Time since last request: 16.756261 seconds.
  path: Assets/Art/Nested_Trees.png
  artifactKey: Guid(db5caeaad2db6004496f96c476df6e6a) Importer(815301076,1909f56bfc062723c751e8b465ee728b)
Start importing Assets/Art/Nested_Trees.png using Guid(db5caeaad2db6004496f96c476df6e6a) Importer(815301076,1909f56bfc062723c751e8b465ee728b)  -> (artifact id: 'faad27912b4f97df324993492016fe79') in 0.006095 seconds 
========================================================================
Received Import Request.
  Time since last request: 7.932926 seconds.
  path: Assets/Art/Nested_Trees.png
  artifactKey: Guid(db5caeaad2db6004496f96c476df6e6a) Importer(815301076,1909f56bfc062723c751e8b465ee728b)
Start importing Assets/Art/Nested_Trees.png using Guid(db5caeaad2db6004496f96c476df6e6a) Importer(815301076,1909f56bfc062723c751e8b465ee728b)  -> (artifact id: '16b50b796ed90057f9e7c0cfb5a0b216') in 0.030049 seconds 
========================================================================
Received Import Request.
  Time since last request: 175.348373 seconds.
  path: Assets/Art/Nested_Trees 1.png
  artifactKey: Guid(b531de7eb6cae324e89165ff191b1344) Importer(815301076,1909f56bfc062723c751e8b465ee728b)
Start importing Assets/Art/Nested_Trees 1.png using Guid(b531de7eb6cae324e89165ff191b1344) Importer(815301076,1909f56bfc062723c751e8b465ee728b)  -> (artifact id: 'c3a06fb1ae7d86d736530a75c61482df') in 0.010139 seconds 
========================================================================
Received Import Request.
  Time since last request: 17.005273 seconds.
  path: Assets/Art/Nested_Trees 1.png
  artifactKey: Guid(b531de7eb6cae324e89165ff191b1344) Importer(815301076,1909f56bfc062723c751e8b465ee728b)
Start importing Assets/Art/Nested_Trees 1.png using Guid(b531de7eb6cae324e89165ff191b1344) Importer(815301076,1909f56bfc062723c751e8b465ee728b)  -> (artifact id: '1287c13f909ee5165b418708a563af40') in 0.005325 seconds 
========================================================================
Received Import Request.
  Time since last request: 11.061191 seconds.
  path: Assets/Art/Nested_Trees 1.png
  artifactKey: Guid(b531de7eb6cae324e89165ff191b1344) Importer(815301076,1909f56bfc062723c751e8b465ee728b)
Start importing Assets/Art/Nested_Trees 1.png using Guid(b531de7eb6cae324e89165ff191b1344) Importer(815301076,1909f56bfc062723c751e8b465ee728b)  -> (artifact id: 'cfb1e8d7ff0a28ecdf8194c3989b3434') in 0.039557 seconds 
========================================================================
Received Prepare
Registering precompiled user dll's ...
Registered in 0.003140 seconds.
Begin MonoManager ReloadAssembly
Symbol file LoadedFromMemory doesn't match image C:\Users\Kyle-PC\Documents\Unity\Ludum-Dare-50\Library\PackageCache\com.unity.visualscripting@1.6.1\Editor\VisualScripting.Core\Dependencies\YamlDotNet\Unity.VisualScripting.YamlDotNet.dll
Symbol file LoadedFromMemory doesn't match image C:\Users\Kyle-PC\Documents\Unity\Ludum-Dare-50\Library\PackageCache\com.unity.visualscripting@1.6.1\Editor\VisualScripting.Core\Dependencies\DotNetZip\Unity.VisualScripting.IonicZip.dll
Native extension for WindowsStandalone target not found
Native extension for OSXStandalone target not found
Native extension for WebGL target not found
Refreshing native plugins compatible for Editor in 0.56 ms, found 4 plugins.
Preloading 0 native plugins for Editor in 0.00 ms.
Mono: successfully reloaded assembly
- Completed reload, in  0.770 seconds
Domain Reload Profiling:
	ReloadAssembly (770ms)
		BeginReloadAssembly (89ms)
			ExecutionOrderSort (0ms)
			DisableScriptedObjects (4ms)
			BackupInstance (0ms)
			ReleaseScriptingObjects (0ms)
			CreateAndSetChildDomain (31ms)
		EndReloadAssembly (639ms)
			LoadAssemblies (63ms)
			RebuildTransferFunctionScriptingTraits (0ms)
			SetupTypeCache (253ms)
			ReleaseScriptCaches (1ms)
			RebuildScriptCaches (28ms)
			SetupLoadedEditorAssemblies (214ms)
				LogAssemblyErrors (0ms)
				InitializePlatformSupportModulesInManaged (5ms)
				SetLoadedEditorAssemblies (0ms)
				RefreshPlugins (1ms)
				BeforeProcessingInitializeOnLoad (46ms)
				ProcessInitializeOnLoadAttributes (153ms)
				ProcessInitializeOnLoadMethodAttributes (5ms)
				AfterProcessingInitializeOnLoad (4ms)
				EditorAssembliesLoaded (0ms)
			ExecutionOrderSort2 (0ms)
			AwakeInstancesAfterBackupRestoration (13ms)
Platform modules already initialized, skipping
Refreshing native plugins compatible for Editor in 0.85 ms, found 4 plugins.
Preloading 0 native plugins for Editor in 0.00 ms.
Unloading 3678 Unused Serialized files (Serialized files now loaded: 0)
System memory in use before: 147.3 MB.
System memory in use after: 147.5 MB.

Unloading 18 unused Assets to reduce memory usage. Loaded Objects now: 4399.
Total: 2.532600 ms (FindLiveObjects: 0.191800 ms CreateObjectMapping: 0.091600 ms MarkObjects: 2.234100 ms  DeleteObjects: 0.014500 ms)

AssetImportParameters requested are different than current active one (requested -> active):
  custom:framework-win-MediaFoundation: 216162199b28c13a410421893ffa2e32 -> 
  custom:video-decoder-ogg-theora: a1e56fd34408186e4bbccfd4996cb3dc -> 
  custom:container-muxer-webm: aa71ff27fc2769a1b78a27578f13a17b -> 
  custom:container-demuxer-webm: 4f35f7cbe854078d1ac9338744f61a02 -> 
  custom:container-demuxer-ogg: 62fdf1f143b41e24485cea50d1cbac27 -> 
  custom:video-encoder-webm-vp8: eb34c28f22e8b96e1ab97ce403110664 -> 
  custom:video-decoder-webm-vp8: 9c59270c3fd7afecdb556c50c9e8de78 -> 
  custom:audio-decoder-ogg-vorbis: bf7c407c2cedff20999df2af8eb42d56 -> 
  custom:audio-encoder-webm-vorbis: bf7c407c2cedff20999df2af8eb42d56 -> 
========================================================================
Received Prepare
Registering precompiled user dll's ...
Registered in 0.003071 seconds.
Begin MonoManager ReloadAssembly
Symbol file LoadedFromMemory doesn't match image C:\Users\Kyle-PC\Documents\Unity\Ludum-Dare-50\Library\PackageCache\com.unity.visualscripting@1.6.1\Editor\VisualScripting.Core\Dependencies\YamlDotNet\Unity.VisualScripting.YamlDotNet.dll
Symbol file LoadedFromMemory doesn't match image C:\Users\Kyle-PC\Documents\Unity\Ludum-Dare-50\Library\PackageCache\com.unity.visualscripting@1.6.1\Editor\VisualScripting.Core\Dependencies\DotNetZip\Unity.VisualScripting.IonicZip.dll
Native extension for WindowsStandalone target not found
Native extension for OSXStandalone target not found
Native extension for WebGL target not found
Refreshing native plugins compatible for Editor in 0.50 ms, found 4 plugins.
Preloading 0 native plugins for Editor in 0.00 ms.
Mono: successfully reloaded assembly
- Completed reload, in  0.740 seconds
Domain Reload Profiling:
	ReloadAssembly (740ms)
		BeginReloadAssembly (90ms)
			ExecutionOrderSort (0ms)
			DisableScriptedObjects (6ms)
			BackupInstance (0ms)
			ReleaseScriptingObjects (0ms)
			CreateAndSetChildDomain (28ms)
		EndReloadAssembly (610ms)
			LoadAssemblies (65ms)
			RebuildTransferFunctionScriptingTraits (0ms)
			SetupTypeCache (229ms)
			ReleaseScriptCaches (1ms)
			RebuildScriptCaches (30ms)
			SetupLoadedEditorAssemblies (218ms)
				LogAssemblyErrors (0ms)
				InitializePlatformSupportModulesInManaged (5ms)
				SetLoadedEditorAssemblies (0ms)
				RefreshPlugins (1ms)
				BeforeProcessingInitializeOnLoad (48ms)
				ProcessInitializeOnLoadAttributes (154ms)
				ProcessInitializeOnLoadMethodAttributes (6ms)
				AfterProcessingInitializeOnLoad (4ms)
				EditorAssembliesLoaded (0ms)
			ExecutionOrderSort2 (0ms)
			AwakeInstancesAfterBackupRestoration (12ms)
Platform modules already initialized, skipping
Refreshing native plugins compatible for Editor in 0.51 ms, found 4 plugins.
Preloading 0 native plugins for Editor in 0.00 ms.
Unloading 3674 Unused Serialized files (Serialized files now loaded: 0)
System memory in use before: 147.1 MB.
System memory in use after: 147.4 MB.

Unloading 18 unused Assets to reduce memory usage. Loaded Objects now: 4402.
Total: 2.591400 ms (FindLiveObjects: 0.190600 ms CreateObjectMapping: 0.079100 ms MarkObjects: 2.306900 ms  DeleteObjects: 0.014000 ms)

AssetImportParameters requested are different than current active one (requested -> active):
  custom:framework-win-MediaFoundation: 216162199b28c13a410421893ffa2e32 -> 
  custom:video-decoder-ogg-theora: a1e56fd34408186e4bbccfd4996cb3dc -> 
  custom:container-muxer-webm: aa71ff27fc2769a1b78a27578f13a17b -> 
  custom:container-demuxer-webm: 4f35f7cbe854078d1ac9338744f61a02 -> 
  custom:container-demuxer-ogg: 62fdf1f143b41e24485cea50d1cbac27 -> 
  custom:video-encoder-webm-vp8: eb34c28f22e8b96e1ab97ce403110664 -> 
  custom:video-decoder-webm-vp8: 9c59270c3fd7afecdb556c50c9e8de78 -> 
  custom:audio-decoder-ogg-vorbis: bf7c407c2cedff20999df2af8eb42d56 -> 
  custom:audio-encoder-webm-vorbis: bf7c407c2cedff20999df2af8eb42d56 -> 
========================================================================
Received Import Request.
  Time since last request: 341.891546 seconds.
  path: Assets/Art/Character_001.png
  artifactKey: Guid(72fc21a08694a84428d7ac1ae05b2b38) Importer(815301076,1909f56bfc062723c751e8b465ee728b)
Start importing Assets/Art/Character_001.png using Guid(72fc21a08694a84428d7ac1ae05b2b38) Importer(815301076,1909f56bfc062723c751e8b465ee728b)  -> (artifact id: '892cb3e7e4dd0ea7d320dd1f08f43c8c') in 0.035975 seconds 
========================================================================
Received Import Request.
  Time since last request: 7.710008 seconds.
  path: Assets/Art/Character
  artifactKey: Guid(1ac5bda9e2f848c4ab582343a7dfe420) Importer(815301076,1909f56bfc062723c751e8b465ee728b)
Start importing Assets/Art/Character using Guid(1ac5bda9e2f848c4ab582343a7dfe420) Importer(815301076,1909f56bfc062723c751e8b465ee728b)  -> (artifact id: '6ec612ef04fa26d7642ecfff0b42b628') in 0.001702 seconds 
========================================================================
Received Import Request.
  Time since last request: 14.433109 seconds.
  path: Assets/Art/Character/Character_001.png
  artifactKey: Guid(72fc21a08694a84428d7ac1ae05b2b38) Importer(815301076,1909f56bfc062723c751e8b465ee728b)
Start importing Assets/Art/Character/Character_001.png using Guid(72fc21a08694a84428d7ac1ae05b2b38) Importer(815301076,1909f56bfc062723c751e8b465ee728b)  -> (artifact id: '1a70e5957bd3acac09a80254db70850b') in 0.004952 seconds 
========================================================================
Received Import Request.
  Time since last request: 10.177760 seconds.
  path: Assets/Art/Character/Character_001.png
  artifactKey: Guid(72fc21a08694a84428d7ac1ae05b2b38) Importer(815301076,1909f56bfc062723c751e8b465ee728b)
Start importing Assets/Art/Character/Character_001.png using Guid(72fc21a08694a84428d7ac1ae05b2b38) Importer(815301076,1909f56bfc062723c751e8b465ee728b)  -> (artifact id: '456dee7225cfc0a3e2be75cd8e0966eb') in 0.015390 seconds 
========================================================================
Received Import Request.
  Time since last request: 24.375107 seconds.
  path: Assets/Animation
  artifactKey: Guid(b14a75eed03f8d143aa31a100a3f12fe) Importer(815301076,1909f56bfc062723c751e8b465ee728b)
Start importing Assets/Animation using Guid(b14a75eed03f8d143aa31a100a3f12fe) Importer(815301076,1909f56bfc062723c751e8b465ee728b)  -> (artifact id: '98719a6b645635e4d6bff836e21490b9') in 0.002135 seconds 
========================================================================
Received Import Request.
  Time since last request: 29.779799 seconds.
  path: Assets/Animation/Walk_Back.anim
  artifactKey: Guid(a912c6318bc8d2f40b406fe1ef9f6f69) Importer(815301076,1909f56bfc062723c751e8b465ee728b)
Start importing Assets/Animation/Walk_Back.anim using Guid(a912c6318bc8d2f40b406fe1ef9f6f69) Importer(815301076,1909f56bfc062723c751e8b465ee728b)  -> (artifact id: '976c83b1c5c8eb9e42ed3802efb6a707') in 0.004226 seconds 
========================================================================
Received Import Request.
  Time since last request: 10.924383 seconds.
  path: Assets/Animation/Walk_Down.anim
  artifactKey: Guid(a912c6318bc8d2f40b406fe1ef9f6f69) Importer(815301076,1909f56bfc062723c751e8b465ee728b)
Start importing Assets/Animation/Walk_Down.anim using Guid(a912c6318bc8d2f40b406fe1ef9f6f69) Importer(815301076,1909f56bfc062723c751e8b465ee728b)  -> (artifact id: '6f38f23496abd8c1fa850f0abb7de4ec') in 0.002187 seconds 
========================================================================
Received Import Request.
  Time since last request: 54.098360 seconds.
  path: Assets/Animation/Player.controller
  artifactKey: Guid(426b93e825fc25b408b29b1ad88432a5) Importer(815301076,1909f56bfc062723c751e8b465ee728b)
Start importing Assets/Animation/Player.controller using Guid(426b93e825fc25b408b29b1ad88432a5) Importer(815301076,1909f56bfc062723c751e8b465ee728b)  -> (artifact id: '981621a9c0bd53c2e6d44e0f6501b7a3') in 0.005462 seconds 
========================================================================
Received Import Request.
  Time since last request: 264.597288 seconds.
  path: Assets/Art/Character/Character_001.png
  artifactKey: Guid(72fc21a08694a84428d7ac1ae05b2b38) Importer(815301076,1909f56bfc062723c751e8b465ee728b)
Start importing Assets/Art/Character/Character_001.png using Guid(72fc21a08694a84428d7ac1ae05b2b38) Importer(815301076,1909f56bfc062723c751e8b465ee728b)  -> (artifact id: '171fa8db29a72413d200939cdd388fc5') in 0.014651 seconds 
========================================================================
Received Import Request.
  Time since last request: 10.886252 seconds.
  path: Assets/Art/Character/Character_001.png
  artifactKey: Guid(72fc21a08694a84428d7ac1ae05b2b38) Importer(815301076,1909f56bfc062723c751e8b465ee728b)
Start importing Assets/Art/Character/Character_001.png using Guid(72fc21a08694a84428d7ac1ae05b2b38) Importer(815301076,1909f56bfc062723c751e8b465ee728b)  -> (artifact id: 'cafb500dd92ed82a727d6fd8020ca6e8') in 0.010767 seconds 
========================================================================
Received Import Request.
  Time since last request: 6.644289 seconds.
  path: Assets/Art/Character/Character_001.png
  artifactKey: Guid(72fc21a08694a84428d7ac1ae05b2b38) Importer(815301076,1909f56bfc062723c751e8b465ee728b)
Start importing Assets/Art/Character/Character_001.png using Guid(72fc21a08694a84428d7ac1ae05b2b38) Importer(815301076,1909f56bfc062723c751e8b465ee728b)  -> (artifact id: 'b134415241c361dbb3e58850a75531b7') in 0.011102 seconds 
========================================================================
Received Prepare
Registering precompiled user dll's ...
Registered in 0.003385 seconds.
Begin MonoManager ReloadAssembly
Symbol file LoadedFromMemory doesn't match image C:\Users\Kyle-PC\Documents\Unity\Ludum-Dare-50\Library\PackageCache\com.unity.visualscripting@1.6.1\Editor\VisualScripting.Core\Dependencies\YamlDotNet\Unity.VisualScripting.YamlDotNet.dll
Symbol file LoadedFromMemory doesn't match image C:\Users\Kyle-PC\Documents\Unity\Ludum-Dare-50\Library\PackageCache\com.unity.visualscripting@1.6.1\Editor\VisualScripting.Core\Dependencies\DotNetZip\Unity.VisualScripting.IonicZip.dll
Native extension for WindowsStandalone target not found
Native extension for OSXStandalone target not found
Native extension for WebGL target not found
Refreshing native plugins compatible for Editor in 0.76 ms, found 4 plugins.
Preloading 0 native plugins for Editor in 0.00 ms.
Mono: successfully reloaded assembly
- Completed reload, in  0.754 seconds
Domain Reload Profiling:
	ReloadAssembly (754ms)
		BeginReloadAssembly (89ms)
			ExecutionOrderSort (0ms)
			DisableScriptedObjects (5ms)
			BackupInstance (0ms)
			ReleaseScriptingObjects (0ms)
			CreateAndSetChildDomain (30ms)
		EndReloadAssembly (626ms)
			LoadAssemblies (61ms)
			RebuildTransferFunctionScriptingTraits (0ms)
			SetupTypeCache (225ms)
			ReleaseScriptCaches (1ms)
			RebuildScriptCaches (31ms)
			SetupLoadedEditorAssemblies (218ms)
				LogAssemblyErrors (0ms)
				InitializePlatformSupportModulesInManaged (7ms)
				SetLoadedEditorAssemblies (0ms)
				RefreshPlugins (1ms)
				BeforeProcessingInitializeOnLoad (46ms)
				ProcessInitializeOnLoadAttributes (151ms)
				ProcessInitializeOnLoadMethodAttributes (6ms)
				AfterProcessingInitializeOnLoad (6ms)
				EditorAssembliesLoaded (0ms)
			ExecutionOrderSort2 (0ms)
			AwakeInstancesAfterBackupRestoration (12ms)
Platform modules already initialized, skipping
Refreshing native plugins compatible for Editor in 0.53 ms, found 4 plugins.
Preloading 0 native plugins for Editor in 0.00 ms.
Unloading 3675 Unused Serialized files (Serialized files now loaded: 0)
System memory in use before: 149.6 MB.
System memory in use after: 149.9 MB.

Unloading 18 unused Assets to reduce memory usage. Loaded Objects now: 4497.
Total: 2.556100 ms (FindLiveObjects: 0.209300 ms CreateObjectMapping: 0.082400 ms MarkObjects: 2.247700 ms  DeleteObjects: 0.015600 ms)

AssetImportParameters requested are different than current active one (requested -> active):
  custom:framework-win-MediaFoundation: 216162199b28c13a410421893ffa2e32 -> 
  custom:video-decoder-ogg-theora: a1e56fd34408186e4bbccfd4996cb3dc -> 
  custom:container-muxer-webm: aa71ff27fc2769a1b78a27578f13a17b -> 
  custom:container-demuxer-webm: 4f35f7cbe854078d1ac9338744f61a02 -> 
  custom:container-demuxer-ogg: 62fdf1f143b41e24485cea50d1cbac27 -> 
  custom:video-encoder-webm-vp8: eb34c28f22e8b96e1ab97ce403110664 -> 
  custom:video-decoder-webm-vp8: 9c59270c3fd7afecdb556c50c9e8de78 -> 
  custom:audio-decoder-ogg-vorbis: bf7c407c2cedff20999df2af8eb42d56 -> 
  custom:audio-encoder-webm-vorbis: bf7c407c2cedff20999df2af8eb42d56 -> 
========================================================================
Received Prepare
Registering precompiled user dll's ...
Registered in 0.003124 seconds.
Begin MonoManager ReloadAssembly
Symbol file LoadedFromMemory doesn't match image C:\Users\Kyle-PC\Documents\Unity\Ludum-Dare-50\Library\PackageCache\com.unity.visualscripting@1.6.1\Editor\VisualScripting.Core\Dependencies\YamlDotNet\Unity.VisualScripting.YamlDotNet.dll
Symbol file LoadedFromMemory doesn't match image C:\Users\Kyle-PC\Documents\Unity\Ludum-Dare-50\Library\PackageCache\com.unity.visualscripting@1.6.1\Editor\VisualScripting.Core\Dependencies\DotNetZip\Unity.VisualScripting.IonicZip.dll
Native extension for WindowsStandalone target not found
Native extension for OSXStandalone target not found
Native extension for WebGL target not found
Refreshing native plugins compatible for Editor in 0.61 ms, found 4 plugins.
Preloading 0 native plugins for Editor in 0.00 ms.
Mono: successfully reloaded assembly
- Completed reload, in  0.780 seconds
Domain Reload Profiling:
	ReloadAssembly (780ms)
		BeginReloadAssembly (102ms)
			ExecutionOrderSort (0ms)
			DisableScriptedObjects (7ms)
			BackupInstance (0ms)
			ReleaseScriptingObjects (0ms)
			CreateAndSetChildDomain (27ms)
		EndReloadAssembly (635ms)
			LoadAssemblies (68ms)
			RebuildTransferFunctionScriptingTraits (0ms)
			SetupTypeCache (237ms)
			ReleaseScriptCaches (1ms)
			RebuildScriptCaches (31ms)
			SetupLoadedEditorAssemblies (222ms)
				LogAssemblyErrors (0ms)
				InitializePlatformSupportModulesInManaged (6ms)
				SetLoadedEditorAssemblies (0ms)
				RefreshPlugins (1ms)
				BeforeProcessingInitializeOnLoad (51ms)
				ProcessInitializeOnLoadAttributes (154ms)
				ProcessInitializeOnLoadMethodAttributes (5ms)
				AfterProcessingInitializeOnLoad (4ms)
				EditorAssembliesLoaded (0ms)
			ExecutionOrderSort2 (0ms)
			AwakeInstancesAfterBackupRestoration (12ms)
Platform modules already initialized, skipping
Refreshing native plugins compatible for Editor in 0.49 ms, found 4 plugins.
Preloading 0 native plugins for Editor in 0.00 ms.
Unloading 3674 Unused Serialized files (Serialized files now loaded: 0)
System memory in use before: 149.6 MB.
System memory in use after: 149.9 MB.

Unloading 18 unused Assets to reduce memory usage. Loaded Objects now: 4500.
Total: 2.597400 ms (FindLiveObjects: 0.270200 ms CreateObjectMapping: 0.087100 ms MarkObjects: 2.226200 ms  DeleteObjects: 0.013200 ms)

AssetImportParameters requested are different than current active one (requested -> active):
  custom:framework-win-MediaFoundation: 216162199b28c13a410421893ffa2e32 -> 
  custom:video-decoder-ogg-theora: a1e56fd34408186e4bbccfd4996cb3dc -> 
  custom:container-muxer-webm: aa71ff27fc2769a1b78a27578f13a17b -> 
  custom:container-demuxer-webm: 4f35f7cbe854078d1ac9338744f61a02 -> 
  custom:container-demuxer-ogg: 62fdf1f143b41e24485cea50d1cbac27 -> 
  custom:video-encoder-webm-vp8: eb34c28f22e8b96e1ab97ce403110664 -> 
  custom:video-decoder-webm-vp8: 9c59270c3fd7afecdb556c50c9e8de78 -> 
  custom:audio-decoder-ogg-vorbis: bf7c407c2cedff20999df2af8eb42d56 -> 
  custom:audio-encoder-webm-vorbis: bf7c407c2cedff20999df2af8eb42d56 -> 
========================================================================
Received Prepare
Registering precompiled user dll's ...
Registered in 0.003402 seconds.
Begin MonoManager ReloadAssembly
Symbol file LoadedFromMemory doesn't match image C:\Users\Kyle-PC\Documents\Unity\Ludum-Dare-50\Library\PackageCache\com.unity.visualscripting@1.6.1\Editor\VisualScripting.Core\Dependencies\YamlDotNet\Unity.VisualScripting.YamlDotNet.dll
Symbol file LoadedFromMemory doesn't match image C:\Users\Kyle-PC\Documents\Unity\Ludum-Dare-50\Library\PackageCache\com.unity.visualscripting@1.6.1\Editor\VisualScripting.Core\Dependencies\DotNetZip\Unity.VisualScripting.IonicZip.dll
Native extension for WindowsStandalone target not found
Native extension for OSXStandalone target not found
Native extension for WebGL target not found
Refreshing native plugins compatible for Editor in 0.56 ms, found 4 plugins.
Preloading 0 native plugins for Editor in 0.00 ms.
Mono: successfully reloaded assembly
- Completed reload, in  0.782 seconds
Domain Reload Profiling:
	ReloadAssembly (782ms)
		BeginReloadAssembly (98ms)
			ExecutionOrderSort (0ms)
			DisableScriptedObjects (7ms)
			BackupInstance (0ms)
			ReleaseScriptingObjects (0ms)
			CreateAndSetChildDomain (28ms)
		EndReloadAssembly (629ms)
			LoadAssemblies (75ms)
			RebuildTransferFunctionScriptingTraits (0ms)
			SetupTypeCache (237ms)
			ReleaseScriptCaches (1ms)
			RebuildScriptCaches (30ms)
			SetupLoadedEditorAssemblies (221ms)
				LogAssemblyErrors (0ms)
				InitializePlatformSupportModulesInManaged (4ms)
				SetLoadedEditorAssemblies (0ms)
				RefreshPlugins (1ms)
				BeforeProcessingInitializeOnLoad (45ms)
				ProcessInitializeOnLoadAttributes (160ms)
				ProcessInitializeOnLoadMethodAttributes (6ms)
				AfterProcessingInitializeOnLoad (5ms)
				EditorAssembliesLoaded (0ms)
			ExecutionOrderSort2 (0ms)
			AwakeInstancesAfterBackupRestoration (13ms)
Platform modules already initialized, skipping
Refreshing native plugins compatible for Editor in 0.56 ms, found 4 plugins.
Preloading 0 native plugins for Editor in 0.00 ms.
Unloading 3674 Unused Serialized files (Serialized files now loaded: 0)
System memory in use before: 149.7 MB.
System memory in use after: 149.9 MB.

Unloading 18 unused Assets to reduce memory usage. Loaded Objects now: 4503.
Total: 2.516300 ms (FindLiveObjects: 0.264600 ms CreateObjectMapping: 0.094600 ms MarkObjects: 2.142400 ms  DeleteObjects: 0.013300 ms)

AssetImportParameters requested are different than current active one (requested -> active):
  custom:framework-win-MediaFoundation: 216162199b28c13a410421893ffa2e32 -> 
  custom:video-decoder-ogg-theora: a1e56fd34408186e4bbccfd4996cb3dc -> 
  custom:container-muxer-webm: aa71ff27fc2769a1b78a27578f13a17b -> 
  custom:container-demuxer-webm: 4f35f7cbe854078d1ac9338744f61a02 -> 
  custom:container-demuxer-ogg: 62fdf1f143b41e24485cea50d1cbac27 -> 
  custom:video-encoder-webm-vp8: eb34c28f22e8b96e1ab97ce403110664 -> 
  custom:video-decoder-webm-vp8: 9c59270c3fd7afecdb556c50c9e8de78 -> 
  custom:audio-decoder-ogg-vorbis: bf7c407c2cedff20999df2af8eb42d56 -> 
  custom:audio-encoder-webm-vorbis: bf7c407c2cedff20999df2af8eb42d56 -> 
========================================================================
Received Prepare
Registering precompiled user dll's ...
Registered in 0.003304 seconds.
Begin MonoManager ReloadAssembly
Symbol file LoadedFromMemory doesn't match image C:\Users\Kyle-PC\Documents\Unity\Ludum-Dare-50\Library\PackageCache\com.unity.visualscripting@1.6.1\Editor\VisualScripting.Core\Dependencies\YamlDotNet\Unity.VisualScripting.YamlDotNet.dll
Symbol file LoadedFromMemory doesn't match image C:\Users\Kyle-PC\Documents\Unity\Ludum-Dare-50\Library\PackageCache\com.unity.visualscripting@1.6.1\Editor\VisualScripting.Core\Dependencies\DotNetZip\Unity.VisualScripting.IonicZip.dll
Native extension for WindowsStandalone target not found
Native extension for OSXStandalone target not found
Native extension for WebGL target not found
Refreshing native plugins compatible for Editor in 0.63 ms, found 4 plugins.
Preloading 0 native plugins for Editor in 0.00 ms.
Mono: successfully reloaded assembly
- Completed reload, in  0.767 seconds
Domain Reload Profiling:
	ReloadAssembly (767ms)
		BeginReloadAssembly (92ms)
			ExecutionOrderSort (0ms)
			DisableScriptedObjects (7ms)
			BackupInstance (0ms)
			ReleaseScriptingObjects (0ms)
			CreateAndSetChildDomain (28ms)
		EndReloadAssembly (635ms)
			LoadAssemblies (62ms)
			RebuildTransferFunctionScriptingTraits (0ms)
			SetupTypeCache (233ms)
			ReleaseScriptCaches (1ms)
			RebuildScriptCaches (30ms)
			SetupLoadedEditorAssemblies (221ms)
				LogAssemblyErrors (0ms)
				InitializePlatformSupportModulesInManaged (5ms)
				SetLoadedEditorAssemblies (0ms)
				RefreshPlugins (1ms)
				BeforeProcessingInitializeOnLoad (51ms)
				ProcessInitializeOnLoadAttributes (152ms)
				ProcessInitializeOnLoadMethodAttributes (7ms)
				AfterProcessingInitializeOnLoad (5ms)
				EditorAssembliesLoaded (0ms)
			ExecutionOrderSort2 (0ms)
			AwakeInstancesAfterBackupRestoration (15ms)
Platform modules already initialized, skipping
Refreshing native plugins compatible for Editor in 0.50 ms, found 4 plugins.
Preloading 0 native plugins for Editor in 0.00 ms.
Unloading 3674 Unused Serialized files (Serialized files now loaded: 0)
System memory in use before: 149.7 MB.
System memory in use after: 149.9 MB.

Unloading 18 unused Assets to reduce memory usage. Loaded Objects now: 4506.
Total: 2.763900 ms (FindLiveObjects: 0.261000 ms CreateObjectMapping: 0.100100 ms MarkObjects: 2.375900 ms  DeleteObjects: 0.026200 ms)

AssetImportParameters requested are different than current active one (requested -> active):
  custom:framework-win-MediaFoundation: 216162199b28c13a410421893ffa2e32 -> 
  custom:video-decoder-ogg-theora: a1e56fd34408186e4bbccfd4996cb3dc -> 
  custom:container-muxer-webm: aa71ff27fc2769a1b78a27578f13a17b -> 
  custom:container-demuxer-webm: 4f35f7cbe854078d1ac9338744f61a02 -> 
  custom:container-demuxer-ogg: 62fdf1f143b41e24485cea50d1cbac27 -> 
  custom:video-encoder-webm-vp8: eb34c28f22e8b96e1ab97ce403110664 -> 
  custom:video-decoder-webm-vp8: 9c59270c3fd7afecdb556c50c9e8de78 -> 
  custom:audio-decoder-ogg-vorbis: bf7c407c2cedff20999df2af8eb42d56 -> 
  custom:audio-encoder-webm-vorbis: bf7c407c2cedff20999df2af8eb42d56 -> 
========================================================================
Received Prepare
Registering precompiled user dll's ...
Registered in 0.003217 seconds.
Begin MonoManager ReloadAssembly
Symbol file LoadedFromMemory doesn't match image C:\Users\Kyle-PC\Documents\Unity\Ludum-Dare-50\Library\PackageCache\com.unity.visualscripting@1.6.1\Editor\VisualScripting.Core\Dependencies\YamlDotNet\Unity.VisualScripting.YamlDotNet.dll
Symbol file LoadedFromMemory doesn't match image C:\Users\Kyle-PC\Documents\Unity\Ludum-Dare-50\Library\PackageCache\com.unity.visualscripting@1.6.1\Editor\VisualScripting.Core\Dependencies\DotNetZip\Unity.VisualScripting.IonicZip.dll
Native extension for WindowsStandalone target not found
Native extension for OSXStandalone target not found
Native extension for WebGL target not found
Refreshing native plugins compatible for Editor in 0.60 ms, found 4 plugins.
Preloading 0 native plugins for Editor in 0.00 ms.
Mono: successfully reloaded assembly
- Completed reload, in  0.728 seconds
Domain Reload Profiling:
	ReloadAssembly (729ms)
		BeginReloadAssembly (84ms)
			ExecutionOrderSort (0ms)
			DisableScriptedObjects (6ms)
			BackupInstance (0ms)
			ReleaseScriptingObjects (0ms)
			CreateAndSetChildDomain (26ms)
		EndReloadAssembly (606ms)
			LoadAssemblies (61ms)
			RebuildTransferFunctionScriptingTraits (0ms)
			SetupTypeCache (222ms)
			ReleaseScriptCaches (1ms)
			RebuildScriptCaches (32ms)
			SetupLoadedEditorAssemblies (221ms)
				LogAssemblyErrors (0ms)
				InitializePlatformSupportModulesInManaged (5ms)
				SetLoadedEditorAssemblies (0ms)
				RefreshPlugins (1ms)
				BeforeProcessingInitializeOnLoad (52ms)
				ProcessInitializeOnLoadAttributes (154ms)
				ProcessInitializeOnLoadMethodAttributes (6ms)
				AfterProcessingInitializeOnLoad (4ms)
				EditorAssembliesLoaded (0ms)
			ExecutionOrderSort2 (0ms)
			AwakeInstancesAfterBackupRestoration (11ms)
Platform modules already initialized, skipping
Refreshing native plugins compatible for Editor in 0.52 ms, found 4 plugins.
Preloading 0 native plugins for Editor in 0.00 ms.
Unloading 3674 Unused Serialized files (Serialized files now loaded: 0)
System memory in use before: 149.7 MB.
System memory in use after: 149.9 MB.

Unloading 18 unused Assets to reduce memory usage. Loaded Objects now: 4509.
Total: 2.686300 ms (FindLiveObjects: 0.332900 ms CreateObjectMapping: 0.109400 ms MarkObjects: 2.229700 ms  DeleteObjects: 0.013500 ms)

AssetImportParameters requested are different than current active one (requested -> active):
  custom:framework-win-MediaFoundation: 216162199b28c13a410421893ffa2e32 -> 
  custom:video-decoder-ogg-theora: a1e56fd34408186e4bbccfd4996cb3dc -> 
  custom:container-muxer-webm: aa71ff27fc2769a1b78a27578f13a17b -> 
  custom:container-demuxer-webm: 4f35f7cbe854078d1ac9338744f61a02 -> 
  custom:container-demuxer-ogg: 62fdf1f143b41e24485cea50d1cbac27 -> 
  custom:video-encoder-webm-vp8: eb34c28f22e8b96e1ab97ce403110664 -> 
  custom:video-decoder-webm-vp8: 9c59270c3fd7afecdb556c50c9e8de78 -> 
  custom:audio-decoder-ogg-vorbis: bf7c407c2cedff20999df2af8eb42d56 -> 
  custom:audio-encoder-webm-vorbis: bf7c407c2cedff20999df2af8eb42d56 -> 
========================================================================
Received Prepare
Registering precompiled user dll's ...
Registered in 0.003220 seconds.
Begin MonoManager ReloadAssembly
Symbol file LoadedFromMemory doesn't match image C:\Users\Kyle-PC\Documents\Unity\Ludum-Dare-50\Library\PackageCache\com.unity.visualscripting@1.6.1\Editor\VisualScripting.Core\Dependencies\YamlDotNet\Unity.VisualScripting.YamlDotNet.dll
Symbol file LoadedFromMemory doesn't match image C:\Users\Kyle-PC\Documents\Unity\Ludum-Dare-50\Library\PackageCache\com.unity.visualscripting@1.6.1\Editor\VisualScripting.Core\Dependencies\DotNetZip\Unity.VisualScripting.IonicZip.dll
Native extension for WindowsStandalone target not found
Native extension for OSXStandalone target not found
Native extension for WebGL target not found
Refreshing native plugins compatible for Editor in 0.50 ms, found 4 plugins.
Preloading 0 native plugins for Editor in 0.00 ms.
Mono: successfully reloaded assembly
- Completed reload, in  0.794 seconds
Domain Reload Profiling:
	ReloadAssembly (794ms)
		BeginReloadAssembly (106ms)
			ExecutionOrderSort (0ms)
			DisableScriptedObjects (7ms)
			BackupInstance (0ms)
			ReleaseScriptingObjects (0ms)
			CreateAndSetChildDomain (26ms)
		EndReloadAssembly (635ms)
			LoadAssemblies (71ms)
			RebuildTransferFunctionScriptingTraits (0ms)
			SetupTypeCache (244ms)
			ReleaseScriptCaches (1ms)
			RebuildScriptCaches (31ms)
			SetupLoadedEditorAssemblies (222ms)
				LogAssemblyErrors (0ms)
				InitializePlatformSupportModulesInManaged (4ms)
				SetLoadedEditorAssemblies (0ms)
				RefreshPlugins (1ms)
				BeforeProcessingInitializeOnLoad (45ms)
				ProcessInitializeOnLoadAttributes (162ms)
				ProcessInitializeOnLoadMethodAttributes (5ms)
				AfterProcessingInitializeOnLoad (4ms)
				EditorAssembliesLoaded (0ms)
			ExecutionOrderSort2 (0ms)
			AwakeInstancesAfterBackupRestoration (16ms)
Platform modules already initialized, skipping
Refreshing native plugins compatible for Editor in 0.55 ms, found 4 plugins.
Preloading 0 native plugins for Editor in 0.00 ms.
Unloading 3674 Unused Serialized files (Serialized files now loaded: 0)
System memory in use before: 149.7 MB.
System memory in use after: 150.0 MB.

Unloading 18 unused Assets to reduce memory usage. Loaded Objects now: 4512.
Total: 2.614400 ms (FindLiveObjects: 0.187800 ms CreateObjectMapping: 0.070500 ms MarkObjects: 2.342100 ms  DeleteObjects: 0.013100 ms)

AssetImportParameters requested are different than current active one (requested -> active):
  custom:framework-win-MediaFoundation: 216162199b28c13a410421893ffa2e32 -> 
  custom:video-decoder-ogg-theora: a1e56fd34408186e4bbccfd4996cb3dc -> 
  custom:container-muxer-webm: aa71ff27fc2769a1b78a27578f13a17b -> 
  custom:container-demuxer-webm: 4f35f7cbe854078d1ac9338744f61a02 -> 
  custom:container-demuxer-ogg: 62fdf1f143b41e24485cea50d1cbac27 -> 
  custom:video-encoder-webm-vp8: eb34c28f22e8b96e1ab97ce403110664 -> 
  custom:video-decoder-webm-vp8: 9c59270c3fd7afecdb556c50c9e8de78 -> 
  custom:audio-decoder-ogg-vorbis: bf7c407c2cedff20999df2af8eb42d56 -> 
  custom:audio-encoder-webm-vorbis: bf7c407c2cedff20999df2af8eb42d56 -> 
========================================================================
Received Prepare
Registering precompiled user dll's ...
Registered in 0.003755 seconds.
Begin MonoManager ReloadAssembly
Symbol file LoadedFromMemory doesn't match image C:\Users\Kyle-PC\Documents\Unity\Ludum-Dare-50\Library\PackageCache\com.unity.visualscripting@1.6.1\Editor\VisualScripting.Core\Dependencies\YamlDotNet\Unity.VisualScripting.YamlDotNet.dll
Symbol file LoadedFromMemory doesn't match image C:\Users\Kyle-PC\Documents\Unity\Ludum-Dare-50\Library\PackageCache\com.unity.visualscripting@1.6.1\Editor\VisualScripting.Core\Dependencies\DotNetZip\Unity.VisualScripting.IonicZip.dll
Native extension for WindowsStandalone target not found
Native extension for OSXStandalone target not found
Native extension for WebGL target not found
Refreshing native plugins compatible for Editor in 0.75 ms, found 4 plugins.
Preloading 0 native plugins for Editor in 0.00 ms.
Mono: successfully reloaded assembly
- Completed reload, in  0.767 seconds
Domain Reload Profiling:
	ReloadAssembly (767ms)
		BeginReloadAssembly (97ms)
			ExecutionOrderSort (0ms)
			DisableScriptedObjects (6ms)
			BackupInstance (0ms)
			ReleaseScriptingObjects (0ms)
			CreateAndSetChildDomain (24ms)
		EndReloadAssembly (630ms)
			LoadAssemblies (66ms)
			RebuildTransferFunctionScriptingTraits (0ms)
			SetupTypeCache (240ms)
			ReleaseScriptCaches (1ms)
			RebuildScriptCaches (30ms)
			SetupLoadedEditorAssemblies (220ms)
				LogAssemblyErrors (0ms)
				InitializePlatformSupportModulesInManaged (6ms)
				SetLoadedEditorAssemblies (0ms)
				RefreshPlugins (1ms)
				BeforeProcessingInitializeOnLoad (55ms)
				ProcessInitializeOnLoadAttributes (147ms)
				ProcessInitializeOnLoadMethodAttributes (5ms)
				AfterProcessingInitializeOnLoad (4ms)
				EditorAssembliesLoaded (0ms)
			ExecutionOrderSort2 (0ms)
			AwakeInstancesAfterBackupRestoration (12ms)
Platform modules already initialized, skipping
Refreshing native plugins compatible for Editor in 0.51 ms, found 4 plugins.
Preloading 0 native plugins for Editor in 0.00 ms.
Unloading 3674 Unused Serialized files (Serialized files now loaded: 0)
System memory in use before: 149.7 MB.
System memory in use after: 150.0 MB.

Unloading 18 unused Assets to reduce memory usage. Loaded Objects now: 4515.
Total: 2.827800 ms (FindLiveObjects: 0.254400 ms CreateObjectMapping: 0.105500 ms MarkObjects: 2.437500 ms  DeleteObjects: 0.028900 ms)

AssetImportParameters requested are different than current active one (requested -> active):
  custom:framework-win-MediaFoundation: 216162199b28c13a410421893ffa2e32 -> 
  custom:video-decoder-ogg-theora: a1e56fd34408186e4bbccfd4996cb3dc -> 
  custom:container-muxer-webm: aa71ff27fc2769a1b78a27578f13a17b -> 
  custom:container-demuxer-webm: 4f35f7cbe854078d1ac9338744f61a02 -> 
  custom:container-demuxer-ogg: 62fdf1f143b41e24485cea50d1cbac27 -> 
  custom:video-encoder-webm-vp8: eb34c28f22e8b96e1ab97ce403110664 -> 
  custom:video-decoder-webm-vp8: 9c59270c3fd7afecdb556c50c9e8de78 -> 
  custom:audio-decoder-ogg-vorbis: bf7c407c2cedff20999df2af8eb42d56 -> 
  custom:audio-encoder-webm-vorbis: bf7c407c2cedff20999df2af8eb42d56 -> 
========================================================================
Received Prepare
Registering precompiled user dll's ...
Registered in 0.003414 seconds.
Begin MonoManager ReloadAssembly
Symbol file LoadedFromMemory doesn't match image C:\Users\Kyle-PC\Documents\Unity\Ludum-Dare-50\Library\PackageCache\com.unity.visualscripting@1.6.1\Editor\VisualScripting.Core\Dependencies\YamlDotNet\Unity.VisualScripting.YamlDotNet.dll
Symbol file LoadedFromMemory doesn't match image C:\Users\Kyle-PC\Documents\Unity\Ludum-Dare-50\Library\PackageCache\com.unity.visualscripting@1.6.1\Editor\VisualScripting.Core\Dependencies\DotNetZip\Unity.VisualScripting.IonicZip.dll
Native extension for WindowsStandalone target not found
Native extension for OSXStandalone target not found
Native extension for WebGL target not found
Refreshing native plugins compatible for Editor in 0.77 ms, found 4 plugins.
Preloading 0 native plugins for Editor in 0.00 ms.
Mono: successfully reloaded assembly
- Completed reload, in  0.772 seconds
Domain Reload Profiling:
	ReloadAssembly (772ms)
		BeginReloadAssembly (91ms)
			ExecutionOrderSort (0ms)
			DisableScriptedObjects (7ms)
			BackupInstance (0ms)
			ReleaseScriptingObjects (0ms)
			CreateAndSetChildDomain (28ms)
		EndReloadAssembly (641ms)
			LoadAssemblies (62ms)
			RebuildTransferFunctionScriptingTraits (0ms)
			SetupTypeCache (227ms)
			ReleaseScriptCaches (1ms)
			RebuildScriptCaches (35ms)
			SetupLoadedEditorAssemblies (239ms)
				LogAssemblyErrors (0ms)
				InitializePlatformSupportModulesInManaged (4ms)
				SetLoadedEditorAssemblies (0ms)
				RefreshPlugins (1ms)
				BeforeProcessingInitializeOnLoad (49ms)
				ProcessInitializeOnLoadAttributes (170ms)
				ProcessInitializeOnLoadMethodAttributes (8ms)
				AfterProcessingInitializeOnLoad (7ms)
				EditorAssembliesLoaded (0ms)
			ExecutionOrderSort2 (0ms)
			AwakeInstancesAfterBackupRestoration (15ms)
Platform modules already initialized, skipping
Refreshing native plugins compatible for Editor in 0.51 ms, found 4 plugins.
Preloading 0 native plugins for Editor in 0.00 ms.
Unloading 3674 Unused Serialized files (Serialized files now loaded: 0)
System memory in use before: 149.7 MB.
System memory in use after: 150.0 MB.

Unloading 18 unused Assets to reduce memory usage. Loaded Objects now: 4518.
Total: 2.450800 ms (FindLiveObjects: 0.215900 ms CreateObjectMapping: 0.107100 ms MarkObjects: 2.113100 ms  DeleteObjects: 0.014000 ms)

AssetImportParameters requested are different than current active one (requested -> active):
  custom:framework-win-MediaFoundation: 216162199b28c13a410421893ffa2e32 -> 
  custom:video-decoder-ogg-theora: a1e56fd34408186e4bbccfd4996cb3dc -> 
  custom:container-muxer-webm: aa71ff27fc2769a1b78a27578f13a17b -> 
  custom:container-demuxer-webm: 4f35f7cbe854078d1ac9338744f61a02 -> 
  custom:container-demuxer-ogg: 62fdf1f143b41e24485cea50d1cbac27 -> 
  custom:video-encoder-webm-vp8: eb34c28f22e8b96e1ab97ce403110664 -> 
  custom:video-decoder-webm-vp8: 9c59270c3fd7afecdb556c50c9e8de78 -> 
  custom:audio-decoder-ogg-vorbis: bf7c407c2cedff20999df2af8eb42d56 -> 
  custom:audio-encoder-webm-vorbis: bf7c407c2cedff20999df2af8eb42d56 -> 
========================================================================
Received Prepare
Registering precompiled user dll's ...
Registered in 0.002882 seconds.
Begin MonoManager ReloadAssembly
Symbol file LoadedFromMemory doesn't match image C:\Users\Kyle-PC\Documents\Unity\Ludum-Dare-50\Library\PackageCache\com.unity.visualscripting@1.6.1\Editor\VisualScripting.Core\Dependencies\YamlDotNet\Unity.VisualScripting.YamlDotNet.dll
Symbol file LoadedFromMemory doesn't match image C:\Users\Kyle-PC\Documents\Unity\Ludum-Dare-50\Library\PackageCache\com.unity.visualscripting@1.6.1\Editor\VisualScripting.Core\Dependencies\DotNetZip\Unity.VisualScripting.IonicZip.dll
Native extension for WindowsStandalone target not found
Native extension for OSXStandalone target not found
Native extension for WebGL target not found
Refreshing native plugins compatible for Editor in 0.49 ms, found 4 plugins.
Preloading 0 native plugins for Editor in 0.00 ms.
Mono: successfully reloaded assembly
- Completed reload, in  0.714 seconds
Domain Reload Profiling:
	ReloadAssembly (714ms)
		BeginReloadAssembly (92ms)
			ExecutionOrderSort (0ms)
			DisableScriptedObjects (7ms)
			BackupInstance (0ms)
			ReleaseScriptingObjects (0ms)
			CreateAndSetChildDomain (29ms)
		EndReloadAssembly (583ms)
			LoadAssemblies (63ms)
			RebuildTransferFunctionScriptingTraits (0ms)
			SetupTypeCache (208ms)
			ReleaseScriptCaches (1ms)
			RebuildScriptCaches (31ms)
			SetupLoadedEditorAssemblies (214ms)
				LogAssemblyErrors (0ms)
				InitializePlatformSupportModulesInManaged (4ms)
				SetLoadedEditorAssemblies (0ms)
				RefreshPlugins (1ms)
				BeforeProcessingInitializeOnLoad (47ms)
				ProcessInitializeOnLoadAttributes (152ms)
				ProcessInitializeOnLoadMethodAttributes (5ms)
				AfterProcessingInitializeOnLoad (5ms)
				EditorAssembliesLoaded (0ms)
			ExecutionOrderSort2 (0ms)
			AwakeInstancesAfterBackupRestoration (12ms)
Platform modules already initialized, skipping
Refreshing native plugins compatible for Editor in 0.64 ms, found 4 plugins.
Preloading 0 native plugins for Editor in 0.00 ms.
Unloading 3674 Unused Serialized files (Serialized files now loaded: 0)
System memory in use before: 149.7 MB.
System memory in use after: 150.0 MB.

Unloading 18 unused Assets to reduce memory usage. Loaded Objects now: 4521.
Total: 2.548800 ms (FindLiveObjects: 0.198400 ms CreateObjectMapping: 0.085400 ms MarkObjects: 2.251700 ms  DeleteObjects: 0.012700 ms)

AssetImportParameters requested are different than current active one (requested -> active):
  custom:framework-win-MediaFoundation: 216162199b28c13a410421893ffa2e32 -> 
  custom:video-decoder-ogg-theora: a1e56fd34408186e4bbccfd4996cb3dc -> 
  custom:container-muxer-webm: aa71ff27fc2769a1b78a27578f13a17b -> 
  custom:container-demuxer-webm: 4f35f7cbe854078d1ac9338744f61a02 -> 
  custom:container-demuxer-ogg: 62fdf1f143b41e24485cea50d1cbac27 -> 
  custom:video-encoder-webm-vp8: eb34c28f22e8b96e1ab97ce403110664 -> 
  custom:video-decoder-webm-vp8: 9c59270c3fd7afecdb556c50c9e8de78 -> 
  custom:audio-decoder-ogg-vorbis: bf7c407c2cedff20999df2af8eb42d56 -> 
  custom:audio-encoder-webm-vorbis: bf7c407c2cedff20999df2af8eb42d56 -> 
========================================================================
Received Import Request.
  Time since last request: 539.273401 seconds.
  path: Assets/Art/Nested_Trees 1.png
  artifactKey: Guid(b531de7eb6cae324e89165ff191b1344) Importer(815301076,1909f56bfc062723c751e8b465ee728b)
Start importing Assets/Art/Nested_Trees 1.png using Guid(b531de7eb6cae324e89165ff191b1344) Importer(815301076,1909f56bfc062723c751e8b465ee728b)  -> (artifact id: '06482642e247bc78b6ccdaa0163f311f') in 0.059057 seconds 
========================================================================
Received Prepare
Registering precompiled user dll's ...
Registered in 0.002870 seconds.
Begin MonoManager ReloadAssembly
Symbol file LoadedFromMemory doesn't match image C:\Users\Kyle-PC\Documents\Unity\Ludum-Dare-50\Library\PackageCache\com.unity.visualscripting@1.6.1\Editor\VisualScripting.Core\Dependencies\YamlDotNet\Unity.VisualScripting.YamlDotNet.dll
Symbol file LoadedFromMemory doesn't match image C:\Users\Kyle-PC\Documents\Unity\Ludum-Dare-50\Library\PackageCache\com.unity.visualscripting@1.6.1\Editor\VisualScripting.Core\Dependencies\DotNetZip\Unity.VisualScripting.IonicZip.dll
Native extension for WindowsStandalone target not found
Native extension for OSXStandalone target not found
Native extension for WebGL target not found
Refreshing native plugins compatible for Editor in 0.49 ms, found 4 plugins.
Preloading 0 native plugins for Editor in 0.00 ms.
Mono: successfully reloaded assembly
- Completed reload, in  0.726 seconds
Domain Reload Profiling:
	ReloadAssembly (726ms)
		BeginReloadAssembly (100ms)
			ExecutionOrderSort (0ms)
			DisableScriptedObjects (7ms)
			BackupInstance (0ms)
			ReleaseScriptingObjects (0ms)
			CreateAndSetChildDomain (31ms)
		EndReloadAssembly (587ms)
			LoadAssemblies (65ms)
			RebuildTransferFunctionScriptingTraits (0ms)
			SetupTypeCache (212ms)
			ReleaseScriptCaches (1ms)
			RebuildScriptCaches (27ms)
			SetupLoadedEditorAssemblies (216ms)
				LogAssemblyErrors (0ms)
				InitializePlatformSupportModulesInManaged (4ms)
				SetLoadedEditorAssemblies (0ms)
				RefreshPlugins (1ms)
				BeforeProcessingInitializeOnLoad (44ms)
				ProcessInitializeOnLoadAttributes (157ms)
				ProcessInitializeOnLoadMethodAttributes (6ms)
				AfterProcessingInitializeOnLoad (4ms)
				EditorAssembliesLoaded (0ms)
			ExecutionOrderSort2 (0ms)
			AwakeInstancesAfterBackupRestoration (12ms)
Platform modules already initialized, skipping
Refreshing native plugins compatible for Editor in 0.50 ms, found 4 plugins.
Preloading 0 native plugins for Editor in 0.00 ms.
Unloading 3674 Unused Serialized files (Serialized files now loaded: 0)
System memory in use before: 150.1 MB.
System memory in use after: 150.4 MB.

Unloading 18 unused Assets to reduce memory usage. Loaded Objects now: 4539.
Total: 2.833800 ms (FindLiveObjects: 0.313800 ms CreateObjectMapping: 0.145000 ms MarkObjects: 2.358300 ms  DeleteObjects: 0.015600 ms)

AssetImportParameters requested are different than current active one (requested -> active):
  custom:framework-win-MediaFoundation: 216162199b28c13a410421893ffa2e32 -> 
  custom:video-decoder-ogg-theora: a1e56fd34408186e4bbccfd4996cb3dc -> 
  custom:container-muxer-webm: aa71ff27fc2769a1b78a27578f13a17b -> 
  custom:container-demuxer-webm: 4f35f7cbe854078d1ac9338744f61a02 -> 
  custom:container-demuxer-ogg: 62fdf1f143b41e24485cea50d1cbac27 -> 
  custom:video-encoder-webm-vp8: eb34c28f22e8b96e1ab97ce403110664 -> 
  custom:video-decoder-webm-vp8: 9c59270c3fd7afecdb556c50c9e8de78 -> 
  custom:audio-decoder-ogg-vorbis: bf7c407c2cedff20999df2af8eb42d56 -> 
  custom:audio-encoder-webm-vorbis: bf7c407c2cedff20999df2af8eb42d56 -> 
========================================================================
Received Prepare
Registering precompiled user dll's ...
Registered in 0.004076 seconds.
Begin MonoManager ReloadAssembly
Symbol file LoadedFromMemory doesn't match image C:\Users\Kyle-PC\Documents\Unity\Ludum-Dare-50\Library\PackageCache\com.unity.visualscripting@1.6.1\Editor\VisualScripting.Core\Dependencies\YamlDotNet\Unity.VisualScripting.YamlDotNet.dll
Symbol file LoadedFromMemory doesn't match image C:\Users\Kyle-PC\Documents\Unity\Ludum-Dare-50\Library\PackageCache\com.unity.visualscripting@1.6.1\Editor\VisualScripting.Core\Dependencies\DotNetZip\Unity.VisualScripting.IonicZip.dll
Native extension for WindowsStandalone target not found
Native extension for OSXStandalone target not found
Native extension for WebGL target not found
Refreshing native plugins compatible for Editor in 0.67 ms, found 4 plugins.
Preloading 0 native plugins for Editor in 0.00 ms.
Mono: successfully reloaded assembly
- Completed reload, in  0.899 seconds
Domain Reload Profiling:
	ReloadAssembly (899ms)
		BeginReloadAssembly (117ms)
			ExecutionOrderSort (0ms)
			DisableScriptedObjects (8ms)
			BackupInstance (0ms)
			ReleaseScriptingObjects (0ms)
			CreateAndSetChildDomain (34ms)
		EndReloadAssembly (732ms)
			LoadAssemblies (80ms)
			RebuildTransferFunctionScriptingTraits (0ms)
			SetupTypeCache (271ms)
			ReleaseScriptCaches (1ms)
			RebuildScriptCaches (36ms)
			SetupLoadedEditorAssemblies (263ms)
				LogAssemblyErrors (0ms)
				InitializePlatformSupportModulesInManaged (6ms)
				SetLoadedEditorAssemblies (0ms)
				RefreshPlugins (1ms)
				BeforeProcessingInitializeOnLoad (58ms)
				ProcessInitializeOnLoadAttributes (185ms)
				ProcessInitializeOnLoadMethodAttributes (6ms)
				AfterProcessingInitializeOnLoad (6ms)
				EditorAssembliesLoaded (0ms)
			ExecutionOrderSort2 (0ms)
			AwakeInstancesAfterBackupRestoration (15ms)
Platform modules already initialized, skipping
Refreshing native plugins compatible for Editor in 0.52 ms, found 4 plugins.
Preloading 0 native plugins for Editor in 0.00 ms.
Unloading 3674 Unused Serialized files (Serialized files now loaded: 0)
System memory in use before: 150.2 MB.
System memory in use after: 150.4 MB.

Unloading 18 unused Assets to reduce memory usage. Loaded Objects now: 4542.
Total: 2.686100 ms (FindLiveObjects: 0.322800 ms CreateObjectMapping: 0.182100 ms MarkObjects: 2.166500 ms  DeleteObjects: 0.013900 ms)

AssetImportParameters requested are different than current active one (requested -> active):
  custom:framework-win-MediaFoundation: 216162199b28c13a410421893ffa2e32 -> 
  custom:video-decoder-ogg-theora: a1e56fd34408186e4bbccfd4996cb3dc -> 
  custom:container-muxer-webm: aa71ff27fc2769a1b78a27578f13a17b -> 
  custom:container-demuxer-webm: 4f35f7cbe854078d1ac9338744f61a02 -> 
  custom:container-demuxer-ogg: 62fdf1f143b41e24485cea50d1cbac27 -> 
  custom:video-encoder-webm-vp8: eb34c28f22e8b96e1ab97ce403110664 -> 
  custom:video-decoder-webm-vp8: 9c59270c3fd7afecdb556c50c9e8de78 -> 
  custom:audio-decoder-ogg-vorbis: bf7c407c2cedff20999df2af8eb42d56 -> 
  custom:audio-encoder-webm-vorbis: bf7c407c2cedff20999df2af8eb42d56 -> 
========================================================================
Received Prepare
Registering precompiled user dll's ...
Registered in 0.002894 seconds.
Begin MonoManager ReloadAssembly
Symbol file LoadedFromMemory doesn't match image C:\Users\Kyle-PC\Documents\Unity\Ludum-Dare-50\Library\PackageCache\com.unity.visualscripting@1.6.1\Editor\VisualScripting.Core\Dependencies\YamlDotNet\Unity.VisualScripting.YamlDotNet.dll
Symbol file LoadedFromMemory doesn't match image C:\Users\Kyle-PC\Documents\Unity\Ludum-Dare-50\Library\PackageCache\com.unity.visualscripting@1.6.1\Editor\VisualScripting.Core\Dependencies\DotNetZip\Unity.VisualScripting.IonicZip.dll
Native extension for WindowsStandalone target not found
Native extension for OSXStandalone target not found
Native extension for WebGL target not found
Refreshing native plugins compatible for Editor in 0.52 ms, found 4 plugins.
Preloading 0 native plugins for Editor in 0.00 ms.
Mono: successfully reloaded assembly
- Completed reload, in  0.708 seconds
Domain Reload Profiling:
	ReloadAssembly (708ms)
		BeginReloadAssembly (89ms)
			ExecutionOrderSort (0ms)
			DisableScriptedObjects (7ms)
			BackupInstance (0ms)
			ReleaseScriptingObjects (0ms)
			CreateAndSetChildDomain (25ms)
		EndReloadAssembly (581ms)
			LoadAssemblies (62ms)
			RebuildTransferFunctionScriptingTraits (0ms)
			SetupTypeCache (210ms)
			ReleaseScriptCaches (1ms)
			RebuildScriptCaches (31ms)
			SetupLoadedEditorAssemblies (207ms)
				LogAssemblyErrors (0ms)
				InitializePlatformSupportModulesInManaged (4ms)
				SetLoadedEditorAssemblies (0ms)
				RefreshPlugins (1ms)
				BeforeProcessingInitializeOnLoad (43ms)
				ProcessInitializeOnLoadAttributes (148ms)
				ProcessInitializeOnLoadMethodAttributes (5ms)
				AfterProcessingInitializeOnLoad (4ms)
				EditorAssembliesLoaded (0ms)
			ExecutionOrderSort2 (0ms)
			AwakeInstancesAfterBackupRestoration (11ms)
Platform modules already initialized, skipping
Refreshing native plugins compatible for Editor in 0.52 ms, found 4 plugins.
Preloading 0 native plugins for Editor in 0.00 ms.
Unloading 3674 Unused Serialized files (Serialized files now loaded: 0)
System memory in use before: 150.3 MB.
System memory in use after: 150.5 MB.

Unloading 18 unused Assets to reduce memory usage. Loaded Objects now: 4545.
Total: 2.568300 ms (FindLiveObjects: 0.208200 ms CreateObjectMapping: 0.161100 ms MarkObjects: 2.185000 ms  DeleteObjects: 0.013300 ms)

AssetImportParameters requested are different than current active one (requested -> active):
  custom:framework-win-MediaFoundation: 216162199b28c13a410421893ffa2e32 -> 
  custom:video-decoder-ogg-theora: a1e56fd34408186e4bbccfd4996cb3dc -> 
  custom:container-muxer-webm: aa71ff27fc2769a1b78a27578f13a17b -> 
  custom:container-demuxer-webm: 4f35f7cbe854078d1ac9338744f61a02 -> 
  custom:container-demuxer-ogg: 62fdf1f143b41e24485cea50d1cbac27 -> 
  custom:video-encoder-webm-vp8: eb34c28f22e8b96e1ab97ce403110664 -> 
  custom:video-decoder-webm-vp8: 9c59270c3fd7afecdb556c50c9e8de78 -> 
  custom:audio-decoder-ogg-vorbis: bf7c407c2cedff20999df2af8eb42d56 -> 
  custom:audio-encoder-webm-vorbis: bf7c407c2cedff20999df2af8eb42d56 -> 
========================================================================
Received Import Request.
  Time since last request: 239.311422 seconds.
  path: Assets/Scripts
  artifactKey: Guid(f5cec3772bebbfd40bd1efdc552ef69c) Importer(815301076,1909f56bfc062723c751e8b465ee728b)
Start importing Assets/Scripts using Guid(f5cec3772bebbfd40bd1efdc552ef69c) Importer(815301076,1909f56bfc062723c751e8b465ee728b)  -> (artifact id: 'd2d10c8ffe0aad2e2d0ea702d73200d9') in 0.004794 seconds 
========================================================================
Received Import Request.
  Time since last request: 5.474427 seconds.
  path: Assets/Scripts/PlayerController.cs
  artifactKey: Guid(4e40d4b73cf781f49866f47fce327473) Importer(815301076,1909f56bfc062723c751e8b465ee728b)
Start importing Assets/Scripts/PlayerController.cs using Guid(4e40d4b73cf781f49866f47fce327473) Importer(815301076,1909f56bfc062723c751e8b465ee728b)  -> (artifact id: 'b08ee3af259c002289bddce1d8c5fe74') in 0.017153 seconds 
========================================================================
Received Prepare
Registering precompiled user dll's ...
Registered in 0.003244 seconds.
Begin MonoManager ReloadAssembly
Symbol file LoadedFromMemory doesn't match image C:\Users\Kyle-PC\Documents\Unity\Ludum-Dare-50\Library\PackageCache\com.unity.visualscripting@1.6.1\Editor\VisualScripting.Core\Dependencies\YamlDotNet\Unity.VisualScripting.YamlDotNet.dll
Symbol file LoadedFromMemory doesn't match image C:\Users\Kyle-PC\Documents\Unity\Ludum-Dare-50\Library\PackageCache\com.unity.visualscripting@1.6.1\Editor\VisualScripting.Core\Dependencies\DotNetZip\Unity.VisualScripting.IonicZip.dll
Native extension for WindowsStandalone target not found
Native extension for OSXStandalone target not found
Native extension for WebGL target not found
Refreshing native plugins compatible for Editor in 0.61 ms, found 4 plugins.
Preloading 0 native plugins for Editor in 0.00 ms.
Mono: successfully reloaded assembly
- Completed reload, in  0.775 seconds
Domain Reload Profiling:
	ReloadAssembly (776ms)
		BeginReloadAssembly (95ms)
			ExecutionOrderSort (0ms)
			DisableScriptedObjects (8ms)
			BackupInstance (0ms)
			ReleaseScriptingObjects (0ms)
			CreateAndSetChildDomain (27ms)
		EndReloadAssembly (639ms)
			LoadAssemblies (69ms)
			RebuildTransferFunctionScriptingTraits (0ms)
			SetupTypeCache (245ms)
			ReleaseScriptCaches (1ms)
			RebuildScriptCaches (33ms)
			SetupLoadedEditorAssemblies (219ms)
				LogAssemblyErrors (0ms)
				InitializePlatformSupportModulesInManaged (5ms)
				SetLoadedEditorAssemblies (0ms)
				RefreshPlugins (1ms)
				BeforeProcessingInitializeOnLoad (50ms)
				ProcessInitializeOnLoadAttributes (154ms)
				ProcessInitializeOnLoadMethodAttributes (5ms)
				AfterProcessingInitializeOnLoad (4ms)
				EditorAssembliesLoaded (0ms)
			ExecutionOrderSort2 (0ms)
			AwakeInstancesAfterBackupRestoration (11ms)
Platform modules already initialized, skipping
Refreshing native plugins compatible for Editor in 0.51 ms, found 4 plugins.
Preloading 0 native plugins for Editor in 0.00 ms.
Unloading 3674 Unused Serialized files (Serialized files now loaded: 0)
System memory in use before: 150.3 MB.
System memory in use after: 150.5 MB.

Unloading 18 unused Assets to reduce memory usage. Loaded Objects now: 4548.
Total: 2.586800 ms (FindLiveObjects: 0.259100 ms CreateObjectMapping: 0.142900 ms MarkObjects: 2.167000 ms  DeleteObjects: 0.017000 ms)

AssetImportParameters requested are different than current active one (requested -> active):
  custom:framework-win-MediaFoundation: 216162199b28c13a410421893ffa2e32 -> 
  custom:video-decoder-ogg-theora: a1e56fd34408186e4bbccfd4996cb3dc -> 
  custom:container-muxer-webm: aa71ff27fc2769a1b78a27578f13a17b -> 
  custom:container-demuxer-webm: 4f35f7cbe854078d1ac9338744f61a02 -> 
  custom:container-demuxer-ogg: 62fdf1f143b41e24485cea50d1cbac27 -> 
  custom:video-encoder-webm-vp8: eb34c28f22e8b96e1ab97ce403110664 -> 
  custom:video-decoder-webm-vp8: 9c59270c3fd7afecdb556c50c9e8de78 -> 
  custom:audio-decoder-ogg-vorbis: bf7c407c2cedff20999df2af8eb42d56 -> 
  custom:audio-encoder-webm-vorbis: bf7c407c2cedff20999df2af8eb42d56 -> 
========================================================================
Received Prepare
Registering precompiled user dll's ...
Registered in 0.003147 seconds.
Begin MonoManager ReloadAssembly
Symbol file LoadedFromMemory doesn't match image C:\Users\Kyle-PC\Documents\Unity\Ludum-Dare-50\Library\PackageCache\com.unity.visualscripting@1.6.1\Editor\VisualScripting.Core\Dependencies\YamlDotNet\Unity.VisualScripting.YamlDotNet.dll
Symbol file LoadedFromMemory doesn't match image C:\Users\Kyle-PC\Documents\Unity\Ludum-Dare-50\Library\PackageCache\com.unity.visualscripting@1.6.1\Editor\VisualScripting.Core\Dependencies\DotNetZip\Unity.VisualScripting.IonicZip.dll
Native extension for WindowsStandalone target not found
Native extension for OSXStandalone target not found
Native extension for WebGL target not found
Refreshing native plugins compatible for Editor in 0.49 ms, found 4 plugins.
Preloading 0 native plugins for Editor in 0.00 ms.
Mono: successfully reloaded assembly
- Completed reload, in  0.731 seconds
Domain Reload Profiling:
	ReloadAssembly (732ms)
		BeginReloadAssembly (97ms)
			ExecutionOrderSort (0ms)
			DisableScriptedObjects (7ms)
			BackupInstance (0ms)
			ReleaseScriptingObjects (0ms)
			CreateAndSetChildDomain (26ms)
		EndReloadAssembly (596ms)
			LoadAssemblies (63ms)
			RebuildTransferFunctionScriptingTraits (0ms)
			SetupTypeCache (215ms)
			ReleaseScriptCaches (1ms)
			RebuildScriptCaches (31ms)
			SetupLoadedEditorAssemblies (218ms)
				LogAssemblyErrors (0ms)
				InitializePlatformSupportModulesInManaged (5ms)
				SetLoadedEditorAssemblies (0ms)
				RefreshPlugins (1ms)
				BeforeProcessingInitializeOnLoad (50ms)
				ProcessInitializeOnLoadAttributes (151ms)
				ProcessInitializeOnLoadMethodAttributes (6ms)
				AfterProcessingInitializeOnLoad (5ms)
				EditorAssembliesLoaded (0ms)
			ExecutionOrderSort2 (0ms)
			AwakeInstancesAfterBackupRestoration (11ms)
Platform modules already initialized, skipping
Refreshing native plugins compatible for Editor in 0.52 ms, found 4 plugins.
Preloading 0 native plugins for Editor in 0.00 ms.
Unloading 3674 Unused Serialized files (Serialized files now loaded: 0)
System memory in use before: 150.3 MB.
System memory in use after: 150.5 MB.

Unloading 18 unused Assets to reduce memory usage. Loaded Objects now: 4551.
Total: 2.469500 ms (FindLiveObjects: 0.217100 ms CreateObjectMapping: 0.086500 ms MarkObjects: 2.152300 ms  DeleteObjects: 0.012900 ms)

AssetImportParameters requested are different than current active one (requested -> active):
  custom:framework-win-MediaFoundation: 216162199b28c13a410421893ffa2e32 -> 
  custom:video-decoder-ogg-theora: a1e56fd34408186e4bbccfd4996cb3dc -> 
  custom:container-muxer-webm: aa71ff27fc2769a1b78a27578f13a17b -> 
  custom:container-demuxer-webm: 4f35f7cbe854078d1ac9338744f61a02 -> 
  custom:container-demuxer-ogg: 62fdf1f143b41e24485cea50d1cbac27 -> 
  custom:video-encoder-webm-vp8: eb34c28f22e8b96e1ab97ce403110664 -> 
  custom:video-decoder-webm-vp8: 9c59270c3fd7afecdb556c50c9e8de78 -> 
  custom:audio-decoder-ogg-vorbis: bf7c407c2cedff20999df2af8eb42d56 -> 
  custom:audio-encoder-webm-vorbis: bf7c407c2cedff20999df2af8eb42d56 -> 
========================================================================
Received Prepare
Registering precompiled user dll's ...
Registered in 0.003023 seconds.
Begin MonoManager ReloadAssembly
Symbol file LoadedFromMemory doesn't match image C:\Users\Kyle-PC\Documents\Unity\Ludum-Dare-50\Library\PackageCache\com.unity.visualscripting@1.6.1\Editor\VisualScripting.Core\Dependencies\YamlDotNet\Unity.VisualScripting.YamlDotNet.dll
Symbol file LoadedFromMemory doesn't match image C:\Users\Kyle-PC\Documents\Unity\Ludum-Dare-50\Library\PackageCache\com.unity.visualscripting@1.6.1\Editor\VisualScripting.Core\Dependencies\DotNetZip\Unity.VisualScripting.IonicZip.dll
Native extension for WindowsStandalone target not found
Native extension for OSXStandalone target not found
Native extension for WebGL target not found
Refreshing native plugins compatible for Editor in 0.50 ms, found 4 plugins.
Preloading 0 native plugins for Editor in 0.00 ms.
Mono: successfully reloaded assembly
- Completed reload, in  0.726 seconds
Domain Reload Profiling:
	ReloadAssembly (726ms)
		BeginReloadAssembly (94ms)
			ExecutionOrderSort (0ms)
			DisableScriptedObjects (7ms)
			BackupInstance (0ms)
			ReleaseScriptingObjects (0ms)
			CreateAndSetChildDomain (28ms)
		EndReloadAssembly (590ms)
			LoadAssemblies (68ms)
			RebuildTransferFunctionScriptingTraits (0ms)
			SetupTypeCache (214ms)
			ReleaseScriptCaches (1ms)
			RebuildScriptCaches (30ms)
			SetupLoadedEditorAssemblies (213ms)
				LogAssemblyErrors (0ms)
				InitializePlatformSupportModulesInManaged (5ms)
				SetLoadedEditorAssemblies (0ms)
				RefreshPlugins (1ms)
				BeforeProcessingInitializeOnLoad (45ms)
				ProcessInitializeOnLoadAttributes (152ms)
				ProcessInitializeOnLoadMethodAttributes (6ms)
				AfterProcessingInitializeOnLoad (5ms)
				EditorAssembliesLoaded (0ms)
			ExecutionOrderSort2 (0ms)
			AwakeInstancesAfterBackupRestoration (11ms)
Platform modules already initialized, skipping
Refreshing native plugins compatible for Editor in 0.48 ms, found 4 plugins.
Preloading 0 native plugins for Editor in 0.00 ms.
Unloading 3674 Unused Serialized files (Serialized files now loaded: 0)
System memory in use before: 150.3 MB.
System memory in use after: 150.5 MB.

Unloading 18 unused Assets to reduce memory usage. Loaded Objects now: 4554.
Total: 2.773600 ms (FindLiveObjects: 0.188800 ms CreateObjectMapping: 0.077900 ms MarkObjects: 2.481200 ms  DeleteObjects: 0.025100 ms)

AssetImportParameters requested are different than current active one (requested -> active):
  custom:framework-win-MediaFoundation: 216162199b28c13a410421893ffa2e32 -> 
  custom:video-decoder-ogg-theora: a1e56fd34408186e4bbccfd4996cb3dc -> 
  custom:container-muxer-webm: aa71ff27fc2769a1b78a27578f13a17b -> 
  custom:container-demuxer-webm: 4f35f7cbe854078d1ac9338744f61a02 -> 
  custom:container-demuxer-ogg: 62fdf1f143b41e24485cea50d1cbac27 -> 
  custom:video-encoder-webm-vp8: eb34c28f22e8b96e1ab97ce403110664 -> 
  custom:video-decoder-webm-vp8: 9c59270c3fd7afecdb556c50c9e8de78 -> 
  custom:audio-decoder-ogg-vorbis: bf7c407c2cedff20999df2af8eb42d56 -> 
  custom:audio-encoder-webm-vorbis: bf7c407c2cedff20999df2af8eb42d56 -> 
========================================================================
Received Import Request.
  Time since last request: 2718.689599 seconds.
  path: Assets/Art/Character/Character_002.png
  artifactKey: Guid(df538835f9beb2a4b8af6b9a27c501be) Importer(815301076,1909f56bfc062723c751e8b465ee728b)
Start importing Assets/Art/Character/Character_002.png using Guid(df538835f9beb2a4b8af6b9a27c501be) Importer(815301076,1909f56bfc062723c751e8b465ee728b)  -> (artifact id: '9f26a5bfee23546a1c521e5362f40c0c') in 0.043071 seconds 
========================================================================
Received Import Request.
  Time since last request: 0.000227 seconds.
  path: Assets/Art/Character/Character_003.png
  artifactKey: Guid(4e0bc83d277d90444b456a2ad4bba7c9) Importer(815301076,1909f56bfc062723c751e8b465ee728b)
Start importing Assets/Art/Character/Character_003.png using Guid(4e0bc83d277d90444b456a2ad4bba7c9) Importer(815301076,1909f56bfc062723c751e8b465ee728b)  -> (artifact id: 'f93614011ade2235d0efecb819470766') in 0.008929 seconds 
========================================================================
Received Import Request.
  Time since last request: 0.000182 seconds.
  path: Assets/Art/Character/Character_004.png
  artifactKey: Guid(cebe2d2718a14094aaf4afb6eb5fd33e) Importer(815301076,1909f56bfc062723c751e8b465ee728b)
Start importing Assets/Art/Character/Character_004.png using Guid(cebe2d2718a14094aaf4afb6eb5fd33e) Importer(815301076,1909f56bfc062723c751e8b465ee728b)  -> (artifact id: '9154f9149ae4f43e5de49205b1ccd423') in 0.007493 seconds 
========================================================================
Received Import Request.
  Time since last request: 34.375878 seconds.
  path: Assets/Art/Character/Character_002.png
  artifactKey: Guid(df538835f9beb2a4b8af6b9a27c501be) Importer(815301076,1909f56bfc062723c751e8b465ee728b)
Start importing Assets/Art/Character/Character_002.png using Guid(df538835f9beb2a4b8af6b9a27c501be) Importer(815301076,1909f56bfc062723c751e8b465ee728b)  -> (artifact id: '460ad7b17ca3138380c4e9abeb60a85f') in 0.011956 seconds 
========================================================================
Received Import Request.
  Time since last request: 6.928698 seconds.
  path: Assets/Art/Character/Character_003.png
  artifactKey: Guid(4e0bc83d277d90444b456a2ad4bba7c9) Importer(815301076,1909f56bfc062723c751e8b465ee728b)
Start importing Assets/Art/Character/Character_003.png using Guid(4e0bc83d277d90444b456a2ad4bba7c9) Importer(815301076,1909f56bfc062723c751e8b465ee728b)  -> (artifact id: 'a42a39f0ec814fc688c18631af62bd52') in 0.005316 seconds 
========================================================================
Received Import Request.
  Time since last request: 6.402441 seconds.
  path: Assets/Art/Character/Character_004.png
  artifactKey: Guid(cebe2d2718a14094aaf4afb6eb5fd33e) Importer(815301076,1909f56bfc062723c751e8b465ee728b)
Start importing Assets/Art/Character/Character_004.png using Guid(cebe2d2718a14094aaf4afb6eb5fd33e) Importer(815301076,1909f56bfc062723c751e8b465ee728b)  -> (artifact id: '2ae1817ea5aaf42cab6bafd426d8b317') in 0.005201 seconds 
========================================================================
Received Import Request.
  Time since last request: 5.844721 seconds.
  path: Assets/Art/Character/Character_002.png
  artifactKey: Guid(df538835f9beb2a4b8af6b9a27c501be) Importer(815301076,1909f56bfc062723c751e8b465ee728b)
Start importing Assets/Art/Character/Character_002.png using Guid(df538835f9beb2a4b8af6b9a27c501be) Importer(815301076,1909f56bfc062723c751e8b465ee728b)  -> (artifact id: 'af8a711a681d4153795553858560b20f') in 0.005159 seconds 
========================================================================
Received Import Request.
  Time since last request: 9.980694 seconds.
  path: Assets/Art/Character/Character_002.png
  artifactKey: Guid(df538835f9beb2a4b8af6b9a27c501be) Importer(815301076,1909f56bfc062723c751e8b465ee728b)
Start importing Assets/Art/Character/Character_002.png using Guid(df538835f9beb2a4b8af6b9a27c501be) Importer(815301076,1909f56bfc062723c751e8b465ee728b)  -> (artifact id: '6ae1a1815c61b3c161b831d042986715') in 0.016321 seconds 
========================================================================
Received Import Request.
  Time since last request: 8.592635 seconds.
  path: Assets/Art/Character/Character_003.png
  artifactKey: Guid(4e0bc83d277d90444b456a2ad4bba7c9) Importer(815301076,1909f56bfc062723c751e8b465ee728b)
Start importing Assets/Art/Character/Character_003.png using Guid(4e0bc83d277d90444b456a2ad4bba7c9) Importer(815301076,1909f56bfc062723c751e8b465ee728b)  -> (artifact id: 'b96cd9b3bea83a0a23bd79f2fc5148f9') in 0.011402 seconds 
========================================================================
Received Import Request.
  Time since last request: 12.444222 seconds.
  path: Assets/Art/Character/Character_004.png
  artifactKey: Guid(cebe2d2718a14094aaf4afb6eb5fd33e) Importer(815301076,1909f56bfc062723c751e8b465ee728b)
Start importing Assets/Art/Character/Character_004.png using Guid(cebe2d2718a14094aaf4afb6eb5fd33e) Importer(815301076,1909f56bfc062723c751e8b465ee728b)  -> (artifact id: 'e5346abf18ed9d1ad6b060e40c779a4b') in 0.014085 seconds 
========================================================================
Received Import Request.
  Time since last request: 30.067411 seconds.
  path: Assets/Animation/Player 1.controller
  artifactKey: Guid(f26d223a15487604381dfaeaa4127362) Importer(815301076,1909f56bfc062723c751e8b465ee728b)
Start importing Assets/Animation/Player 1.controller using Guid(f26d223a15487604381dfaeaa4127362) Importer(815301076,1909f56bfc062723c751e8b465ee728b)  -> (artifact id: '4cdb73e07ff3d8770eb2b00f63a6cb6f') in 0.003701 seconds 
========================================================================
Received Import Request.
  Time since last request: 18116.810772 seconds.
  path: Assets/Art/Character/Character_005.png
  artifactKey: Guid(d25adca4dba250e42a4f14614a5e52c5) Importer(815301076,1909f56bfc062723c751e8b465ee728b)
Start importing Assets/Art/Character/Character_005.png using Guid(d25adca4dba250e42a4f14614a5e52c5) Importer(815301076,1909f56bfc062723c751e8b465ee728b)  -> (artifact id: 'bc7287348deabda0b37ed6a16819de52') in 0.009510 seconds 
========================================================================
Received Import Request.
  Time since last request: 8.207023 seconds.
  path: Assets/Art/Axe.png
  artifactKey: Guid(30522d4af1a1fbc4891b6b25415895ce) Importer(815301076,1909f56bfc062723c751e8b465ee728b)
Start importing Assets/Art/Axe.png using Guid(30522d4af1a1fbc4891b6b25415895ce) Importer(815301076,1909f56bfc062723c751e8b465ee728b)  -> (artifact id: '3ff8b8060aada97edf68677f29f87ed4') in 0.008114 seconds 
========================================================================
Received Import Request.
  Time since last request: 0.000158 seconds.
  path: Assets/Art/Campfire_Animation.png
  artifactKey: Guid(f087e7cbcf4f1ce41b20633153dc15b1) Importer(815301076,1909f56bfc062723c751e8b465ee728b)
Start importing Assets/Art/Campfire_Animation.png using Guid(f087e7cbcf4f1ce41b20633153dc15b1) Importer(815301076,1909f56bfc062723c751e8b465ee728b)  -> (artifact id: '083ba68a43b65e5623051203efca7948') in 0.006930 seconds 
========================================================================
Received Import Request.
  Time since last request: 0.000146 seconds.
  path: Assets/Art/Bunny.png
  artifactKey: Guid(f1178633d6b226447a312854ac4ff3cb) Importer(815301076,1909f56bfc062723c751e8b465ee728b)
Start importing Assets/Art/Bunny.png using Guid(f1178633d6b226447a312854ac4ff3cb) Importer(815301076,1909f56bfc062723c751e8b465ee728b)  -> (artifact id: '7651135fccb6080431bde61e9e3d0b90') in 0.009599 seconds 
========================================================================
Received Import Request.
  Time since last request: 0.000123 seconds.
  path: Assets/Art/Berries_001.png
  artifactKey: Guid(0b48b81b38924fa44850a5f2c5ae3893) Importer(815301076,1909f56bfc062723c751e8b465ee728b)
Start importing Assets/Art/Berries_001.png using Guid(0b48b81b38924fa44850a5f2c5ae3893) Importer(815301076,1909f56bfc062723c751e8b465ee728b)  -> (artifact id: 'f72c5937b159e4fb63aa8d4b5c053c91') in 0.011049 seconds 
========================================================================
Received Import Request.
  Time since last request: 0.000150 seconds.
  path: Assets/Art/Berry_BushwBerries_001.png
  artifactKey: Guid(7d36e1b122f59284d9d268587bbd9f38) Importer(815301076,1909f56bfc062723c751e8b465ee728b)
Start importing Assets/Art/Berry_BushwBerries_001.png using Guid(7d36e1b122f59284d9d268587bbd9f38) Importer(815301076,1909f56bfc062723c751e8b465ee728b)  -> (artifact id: '4c5914fb1dd4ac09e3eea6c54e29f417') in 0.007685 seconds 
========================================================================
Received Import Request.
  Time since last request: 0.000165 seconds.
  path: Assets/Art/Bunny_Running.png
  artifactKey: Guid(030a7a5b2685b7a488ee0ab937c250c7) Importer(815301076,1909f56bfc062723c751e8b465ee728b)
Start importing Assets/Art/Bunny_Running.png using Guid(030a7a5b2685b7a488ee0ab937c250c7) Importer(815301076,1909f56bfc062723c751e8b465ee728b)  -> (artifact id: 'f03b4bae94792ead3fd9f0c8ee7f1188') in 0.007272 seconds 
========================================================================
Received Import Request.
  Time since last request: 0.000216 seconds.
  path: Assets/Art/Berry_Bush_001.png
  artifactKey: Guid(1f0cad8c7e1e21346abb6ecb45b30dc2) Importer(815301076,1909f56bfc062723c751e8b465ee728b)
Start importing Assets/Art/Berry_Bush_001.png using Guid(1f0cad8c7e1e21346abb6ecb45b30dc2) Importer(815301076,1909f56bfc062723c751e8b465ee728b)  -> (artifact id: 'aa15c637d56588f2b017df28e157d465') in 0.006676 seconds 
========================================================================
Received Import Request.
  Time since last request: 18.516036 seconds.
  path: Assets/Art/Cooked_Meat.png
  artifactKey: Guid(d53d952b10215a540a6a56ad92b25860) Importer(815301076,1909f56bfc062723c751e8b465ee728b)
Start importing Assets/Art/Cooked_Meat.png using Guid(d53d952b10215a540a6a56ad92b25860) Importer(815301076,1909f56bfc062723c751e8b465ee728b)  -> (artifact id: '28571f2e6062730969d29efd3c1b95bb') in 0.013723 seconds 
========================================================================
Received Import Request.
  Time since last request: 0.000194 seconds.
  path: Assets/Art/Raw_Meat.png
  artifactKey: Guid(fcf80ef4299a18a45b4bafb1c2c17912) Importer(815301076,1909f56bfc062723c751e8b465ee728b)
Start importing Assets/Art/Raw_Meat.png using Guid(fcf80ef4299a18a45b4bafb1c2c17912) Importer(815301076,1909f56bfc062723c751e8b465ee728b)  -> (artifact id: '8b8da6bc44c226ca0fa8fd17ed08ce8c') in 0.009553 seconds 
========================================================================
Received Import Request.
  Time since last request: 0.000143 seconds.
  path: Assets/Art/Track_001.png
  artifactKey: Guid(8b4cda8ef3be6554c8b96bbe3c42b0ef) Importer(815301076,1909f56bfc062723c751e8b465ee728b)
Start importing Assets/Art/Track_001.png using Guid(8b4cda8ef3be6554c8b96bbe3c42b0ef) Importer(815301076,1909f56bfc062723c751e8b465ee728b)  -> (artifact id: '410f3f1505c30bef62485d1db6980ffe') in 0.006159 seconds 
========================================================================
Received Import Request.
  Time since last request: 0.000172 seconds.
  path: Assets/Art/Spear.png
  artifactKey: Guid(87227a31b1c9f8d4499b5bb806d79e8c) Importer(815301076,1909f56bfc062723c751e8b465ee728b)
Start importing Assets/Art/Spear.png using Guid(87227a31b1c9f8d4499b5bb806d79e8c) Importer(815301076,1909f56bfc062723c751e8b465ee728b)  -> (artifact id: 'a21f7daf092d8254ffd70f7a5fa14f4b') in 0.006831 seconds 
========================================================================
Received Import Request.
  Time since last request: 0.000160 seconds.
  path: Assets/Art/Fishing_Pole_001.png
  artifactKey: Guid(342052d573126b44686cf3bfa27bd6ec) Importer(815301076,1909f56bfc062723c751e8b465ee728b)
Start importing Assets/Art/Fishing_Pole_001.png using Guid(342052d573126b44686cf3bfa27bd6ec) Importer(815301076,1909f56bfc062723c751e8b465ee728b)  -> (artifact id: 'e9735df3f801a32e8aca0f4834377738') in 0.008425 seconds 
========================================================================
Received Import Request.
  Time since last request: 42.774312 seconds.
  path: Assets/Art/WaterIce_Tiles.png
  artifactKey: Guid(a0221b69d7db23f4db085c50fdaa22c0) Importer(815301076,1909f56bfc062723c751e8b465ee728b)
Start importing Assets/Art/WaterIce_Tiles.png using Guid(a0221b69d7db23f4db085c50fdaa22c0) Importer(815301076,1909f56bfc062723c751e8b465ee728b)  -> (artifact id: '88b8b14a1a82e51904642274506a9fcd') in 0.010515 seconds 
========================================================================
Received Import Request.
  Time since last request: 37.331240 seconds.
  path: Assets/Art/Wrecked_TrainCar.png
  artifactKey: Guid(337956d6e98d13d41afc953cf8da7382) Importer(815301076,1909f56bfc062723c751e8b465ee728b)
Start importing Assets/Art/Wrecked_TrainCar.png using Guid(337956d6e98d13d41afc953cf8da7382) Importer(815301076,1909f56bfc062723c751e8b465ee728b)  -> (artifact id: '2ac735171ffcf576148022f333ac19d7') in 0.016200 seconds 
========================================================================
Received Prepare
Registering precompiled user dll's ...
Registered in 0.003219 seconds.
Begin MonoManager ReloadAssembly
Symbol file LoadedFromMemory doesn't match image C:\Users\Kyle-PC\Documents\Unity\Ludum-Dare-50\Library\PackageCache\com.unity.visualscripting@1.6.1\Editor\VisualScripting.Core\Dependencies\YamlDotNet\Unity.VisualScripting.YamlDotNet.dll
Symbol file LoadedFromMemory doesn't match image C:\Users\Kyle-PC\Documents\Unity\Ludum-Dare-50\Library\PackageCache\com.unity.visualscripting@1.6.1\Editor\VisualScripting.Core\Dependencies\DotNetZip\Unity.VisualScripting.IonicZip.dll
Native extension for WindowsStandalone target not found
Native extension for OSXStandalone target not found
Native extension for WebGL target not found
Refreshing native plugins compatible for Editor in 0.80 ms, found 4 plugins.
Preloading 0 native plugins for Editor in 0.00 ms.
Mono: successfully reloaded assembly
- Completed reload, in  0.767 seconds
Domain Reload Profiling:
	ReloadAssembly (767ms)
		BeginReloadAssembly (99ms)
			ExecutionOrderSort (0ms)
			DisableScriptedObjects (6ms)
			BackupInstance (0ms)
			ReleaseScriptingObjects (0ms)
			CreateAndSetChildDomain (28ms)
		EndReloadAssembly (626ms)
			LoadAssemblies (68ms)
			RebuildTransferFunctionScriptingTraits (0ms)
			SetupTypeCache (217ms)
			ReleaseScriptCaches (1ms)
			RebuildScriptCaches (29ms)
			SetupLoadedEditorAssemblies (227ms)
				LogAssemblyErrors (0ms)
				InitializePlatformSupportModulesInManaged (5ms)
				SetLoadedEditorAssemblies (0ms)
				RefreshPlugins (1ms)
				BeforeProcessingInitializeOnLoad (56ms)
				ProcessInitializeOnLoadAttributes (153ms)
				ProcessInitializeOnLoadMethodAttributes (6ms)
				AfterProcessingInitializeOnLoad (5ms)
				EditorAssembliesLoaded (0ms)
			ExecutionOrderSort2 (0ms)
			AwakeInstancesAfterBackupRestoration (17ms)
Platform modules already initialized, skipping
Refreshing native plugins compatible for Editor in 0.46 ms, found 4 plugins.
Preloading 0 native plugins for Editor in 0.00 ms.
Unloading 3692 Unused Serialized files (Serialized files now loaded: 0)
System memory in use before: 161.4 MB.
System memory in use after: 161.7 MB.

Unloading 18 unused Assets to reduce memory usage. Loaded Objects now: 4940.
Total: 2.462000 ms (FindLiveObjects: 0.219700 ms CreateObjectMapping: 0.087200 ms MarkObjects: 2.139400 ms  DeleteObjects: 0.014900 ms)

AssetImportParameters requested are different than current active one (requested -> active):
  custom:framework-win-MediaFoundation: 216162199b28c13a410421893ffa2e32 -> 
  custom:video-decoder-ogg-theora: a1e56fd34408186e4bbccfd4996cb3dc -> 
  custom:container-muxer-webm: aa71ff27fc2769a1b78a27578f13a17b -> 
  custom:container-demuxer-webm: 4f35f7cbe854078d1ac9338744f61a02 -> 
  custom:container-demuxer-ogg: 62fdf1f143b41e24485cea50d1cbac27 -> 
  custom:video-encoder-webm-vp8: eb34c28f22e8b96e1ab97ce403110664 -> 
  custom:video-decoder-webm-vp8: 9c59270c3fd7afecdb556c50c9e8de78 -> 
  custom:audio-decoder-ogg-vorbis: bf7c407c2cedff20999df2af8eb42d56 -> 
  custom:audio-encoder-webm-vorbis: bf7c407c2cedff20999df2af8eb42d56 -> 
AssetImportWorkerClient::OnTransportError - code=2 error=End of file
